 M9Q1[K1] = -5.32274098266209972E-001
 M9Q2[K1] =  5.93474902135603499E-001
 M9Q3[K1] = -6.19367561399890437E-002
 M9Q4[K1] = -3.72192989534505081E-001
 M9Q5[K1] = -2.31644524548844183E-001
 M9Q6[K1] = -4.59492414532128246E-001
 M9Q7[K1] =  1.04616589843836996E-001
 M9Q8[K1] =  5.08254355795145996E-001
 M9Q9[K1] = -1.28917638629382908E-001
 M9Q10[K1] = -5.12038443415919059E-002
 M9Q11[K1] =  5.97167119969875593E-001
 M9Q12[K1] =  5.98053500707628638E-001
 M9Q13[K1] =  8.14388961474573625E-002
 M9Q14[K1] = -5.59833928145374471E-001
 M9Q15[K1] = -8.61754760604954290E-002
 M9Q16[K1] =  5.58508772903637984E-001
 M9Q17[K1] = -4.39175041982316661E-001
 M9Q18[K1] =  2.95209117415884459E-001
 M9Q19[K1] =  5.04112642720189075E-001
 M9Q20[K1] = -5.99914408887958217E-001
 
 end_file
 
 
 ! Top 10
 
 Constraints                          Ref_Ele    Start_Ele   Ele/S    Meas-or-Lim    Model       Merit      Max_Loc
 1@Optics[8]              1@lat::r.56[END] <target>                   -7.0886E-02  -7.0886E-02  6.933E-10
 1@Optics[2]              1@lat::beta.b[END] <target>                  6.5151E+00   6.5151E+00  7.119E-17
 1@Optics[1]              1@lat::beta.a[END] <target>                  4.1573E+00   4.1573E+00  3.818E-18
 Twiss_P9_FirstFive[1]    1@M9Q1[K1]                        20.66     -6.0000E-01  -5.3227E-01  0.000E+00
 Twiss_P9_FirstFive[2]    1@M9Q2[K1]                        24.16      6.0000E-01   5.9347E-01  0.000E+00
 Twiss_P9_FirstFive[3]    1@M9Q3[K1]                        27.66     -6.0000E-01  -6.1937E-02  0.000E+00
 Twiss_P9_FirstFive[4]    1@M9Q4[K1]                        31.16     -6.0000E-01  -3.7219E-01  0.000E+00
 Twiss_P9_FirstFive[5]    1@M9Q5[K1]                        32.16     -6.0000E-01  -2.3164E-01  0.000E+00
 Twiss_P9_MiddleSeven[1]  1@M9Q6[K1]                        40.36     -6.0000E-01  -4.5949E-01  0.000E+00
 Twiss_P9_MiddleSeven[2]  1@M9Q7[K1]                        41.36      6.0000E-01   1.0462E-01  0.000E+00
 Constraints                          Ref_Ele    Start_Ele   Ele/S    Meas-or-Lim    Model       Merit      Max_Loc
 
  figure of merit: 6.933349E-10
 
 List of non-zero contributors to the Merit Function:
 Name                                          Merit           Sigma [= sqrt(Chi^2/N)]
 Optics.Twiss                                  6.9333E-10      5.0004E-14
