 M13Q1[K1] =  4.77162091777713959E-001
 M13Q2[K1] = -5.99999999999999978E-001
 M13Q3[K1] =  1.95410668625696893E-001
 M13Q4[K1] =  1.50061551215265494E-002
 M13Q5[K1] = -5.77988688090260716E-002
 M13Q6[K1] =  3.13432092601631185E-001
 M13Q7[K1] =  4.46821576146822608E-001
 M13Q8[K1] = -5.99999999999999978E-001
 M13Q9[K1] = -2.55513588663848101E-001
 M13Q10[K1] =  2.23678310369013165E-002
 M13Q11[K1] = -2.88191526387737929E-001
 M13Q12[K1] =  5.99999999999999978E-001
 
 end_file
 
 
 ! Top 10
 
 Constraints                           Ref_Ele    Start_Ele   Ele/S    Meas-or-Lim    Model       Merit      Max_Loc
 3@Optics[22]            3@lat::beta.b[END] <target>                    1.0669E+01   1.0669E+01  1.546E-18
 3@Optics[21]            3@lat::beta.a[END] <target>                    1.3998E+00   1.3998E+00  5.966E-20
 3@Optics[24]            3@lat::alpha.b[END] <target>                  -1.0462E-04  -1.0462E-04  3.356E-21
 3@Optics[23]            3@lat::alpha.a[END] <target>                   2.4658E-05   2.4658E-05  1.689E-22
 3@Optics[25]            3@lat::eta.a[END] <target>                     3.2967E-02   3.2967E-02  1.083E-23
 3@Optics[26]            3@lat::etap.a[END] <target>                   -3.7558E-07  -3.7558E-07  7.344E-24
 3@Optics[29]            beta.a <max>            BEGINNING   END        7.0000E+02   3.0368E+02  0.000E+00  M13Q12
 3@Optics[30]            beta.b <max>            BEGINNING   END        7.0000E+02   2.3230E+02  0.000E+00  MCB1
 Twiss_P13_FirstFour[1]  3@M13Q1[K1]                         34.16      6.0000E-01   4.7716E-01  0.000E+00
 Twiss_P13_FirstFour[3]  3@M13Q3[K1]                         43.66      6.0000E-01   1.9541E-01  0.000E+00
 Constraints                           Ref_Ele    Start_Ele   Ele/S    Meas-or-Lim    Model       Merit      Max_Loc
 
  figure of merit: 1.609368E-18
 
 List of non-zero contributors to the Merit Function:
 Name                                          Merit           Sigma [= sqrt(Chi^2/N)]
 Optics.Twiss                                  1.6094E-18      5.3957E-15
