 M15Q1[K1] =  1.74051159386590493E-001   ! Not used in optimizing
 M15Q2[K1] = -5.99999554608545482E-001   ! Not used in optimizing
 M15Q3[K1] =  1.75608467296935661E-001   ! Not used in optimizing
 M15Q4[K1] =  4.15437467965766999E-002   ! Not used in optimizing
 M15Q5[K1] = -1.11760969491069229E-001   ! Not used in optimizing
 M15Q6[K1] =  9.86670527634047612E-002   ! Not used in optimizing
 M15Q7[K1] = -2.84059481172746278E-002   ! Not used in optimizing
 M15Q8[K1] = -3.03571400418899573E-001   ! Not used in optimizing
 M15Q9[K1] =  4.76126741596668956E-001   ! Not used in optimizing
 M15Q10[K1] = -2.98734474097640423E-001   ! Not used in optimizing
 
 end_file
 
 
 ! Top 10
 
 Constraints                            Ref_Ele    Start_Ele   Ele/S    Meas-or-Lim    Model       Merit      Max_Loc
 3@Optics[22]             3@lat::beta.b[END] <target>                    1.0669E+01   1.0669E+01  3.155E-18
 3@Optics[21]             3@lat::beta.a[END] <target>                    1.3998E+00   1.3998E+00  7.889E-21
 3@Optics[28]             3@lat::r.56[END] <target>                      1.2809E-01   1.2809E-01  0.000E+00
 3@Optics[29]             beta.a <max>            BEGINNING   END        7.0000E+02   6.7114E+02  0.000E+00  D1308#5
 3@Optics[30]             beta.b <max>            BEGINNING   END        7.0000E+02   7.0000E+02  0.000E+00  M13Q4
 Twiss_P13_FirstFour[1]   3@M13Q1[K1]                         34.16     -6.0000E-01  -5.5373E-01  0.000E+00
 Twiss_P13_FirstFour[2]   3@M13Q2[K1]                         35.16     -6.0000E-01  -1.1665E-01  0.000E+00
 Twiss_P13_FirstFour[4]   3@M13Q4[K1]                         50.55     -6.0000E-01  -3.7579E-01  0.000E+00
 Twiss_P13_FirstFour[3]   3@M13Q3[K1]                         43.66      6.0000E-01   5.2537E-01  0.000E+00
 Twiss_P13_MiddleFour[2]  3@M13Q6[K1]                         59.66      6.0000E-01   2.6371E-01  0.000E+00
 Constraints                            Ref_Ele    Start_Ele   Ele/S    Meas-or-Lim    Model       Merit      Max_Loc
 
  figure of merit: 3.163332E-18
 
 List of non-zero contributors to the Merit Function:
 Name                                          Merit           Sigma [= sqrt(Chi^2/N)]
 Optics.Twiss                                  3.1633E-18      1.2576E-14
