 M9Q1[K1] = -5.99999999951514318E-001
 M9Q2[K1] =  5.40519239006319707E-001
 M9Q3[K1] = -1.76477516094874082E-001
 M9Q4[K1] = -4.38801505679497883E-001
 M9Q5[K1] = -5.95733796634254145E-002
 M9Q6[K1] = -9.80415551465353696E-002
 M9Q7[K1] =  4.72498709007468043E-001
 M9Q8[K1] =  2.11598216684973861E-001
 M9Q9[K1] = -3.87656950799475708E-001
 M9Q10[K1] = -4.63140837123765317E-002
 M9Q11[K1] =  5.81139707010179141E-001
 M9Q12[K1] =  5.34713684677891155E-001
 M9Q13[K1] =  6.92994165462299250E-002
 M9Q14[K1] = -5.70173163591148224E-001
 M9Q15[K1] = -9.89896144932104760E-002
 M9Q16[K1] =  5.67474849010426552E-001
 M9Q17[K1] = -4.50085217902702561E-001
 M9Q18[K1] =  3.67345562069525178E-001
 M9Q19[K1] =  5.99999999999999978E-001
 M9Q20[K1] = -5.99999999999999978E-001
 
 end_file
 
 
 ! Top 10
 
 Constraints                          Ref_Ele    Start_Ele   Ele/S    Meas-or-Lim    Model       Merit      Max_Loc
 1@Optics[9]            beta.a <max>            BEGINNING   END        7.0000E+02   1.1342E+03  1.885E+02  M9Q16
 1@Optics[10]           beta.b <max>            BEGINNING   END        7.0000E+02   1.0804E+03  1.447E+02  M9Q14
 1@Optics[3]            1@lat::alpha.a[END] <target>                   3.0489E+00   3.0489E+00  7.836E-05
 1@Optics[4]            1@lat::alpha.b[END] <target>                  -3.1896E+00  -3.1896E+00  5.412E-05
 1@Optics[1]            1@lat::beta.a[END] <target>                    4.1573E+00   4.1573E+00  9.373E-07
 1@Optics[2]            1@lat::beta.b[END] <target>                    6.5151E+00   6.5151E+00  2.916E-07
 1@Optics[5]            1@lat::eta.a[END] <target>                     2.7200E-02   2.7200E-02  1.884E-10
 1@Optics[6]            1@lat::etap.a[END] <target>                   -1.9800E-02  -1.9800E-02  9.288E-12
 Twiss_P9_FirstFive[1]  1@M9Q1[K1]                          20.66     -6.0000E-01  -6.0000E-01  0.000E+00
 Twiss_P9_FirstFive[2]  1@M9Q2[K1]                          24.16      6.0000E-01   5.4052E-01  0.000E+00
 Constraints                          Ref_Ele    Start_Ele   Ele/S    Meas-or-Lim    Model       Merit      Max_Loc
 
  figure of merit: 3.331979E+02
 
 List of non-zero contributors to the Merit Function:
 Name                                          Merit           Sigma [= sqrt(Chi^2/N)]
 Optics.Twiss                                  3.3320E+02      2.0408E+02
