 M9Q1[K1] = -4.72379803094406525E-001
 M9Q2[K1] =  5.99999999999999978E-001   ! Not used in optimizing
 M9Q3[K1] = -2.60008333537410596E-001
 M9Q4[K1] = -5.99999999999999978E-001   ! Not used in optimizing
 M9Q5[K1] = -4.27117436363868785E-001
 M9Q6[K1] = -1.25322961214128170E-001
 M9Q7[K1] =  5.45270692165363946E-001
 M9Q8[K1] =  1.58330246089036480E-001   ! Not used in optimizing
 M9Q9[K1] = -5.99999999999999978E-001   ! Not used in optimizing
 M9Q10[K1] =  7.13686766078034940E-002
 M9Q11[K1] =  5.23611024938606562E-001   ! Not used in optimizing
 M9Q12[K1] =  5.40330657075186571E-001
 M9Q13[K1] = -1.12876423164233755E-001
 M9Q14[K1] = -3.92794926920277176E-001   ! Not used in optimizing
 M9Q15[K1] = -1.66035296562911827E-001
 M9Q16[K1] =  5.41738247154276764E-001
 M9Q17[K1] =  2.85647053879419521E-001
 M9Q18[K1] =  2.81064672355345546E-001
 M9Q19[K1] = -1.06456806023196043E-001
 M9Q20[K1] = -5.49098986966435332E-001   ! Not used in optimizing
 
 end_file
 
 
 ! Top 10
 
 Constraints                            Ref_Ele    Start_Ele   Ele/S    Meas-or-Lim    Model       Merit      Max_Loc
 1@Optics[8]              1@lat::r.56[END] <target>                     -7.0886E-02  -7.0886E-02  1.733E-18
 1@Optics[2]              1@lat::beta.b[END] <target>                    1.2039E+01   1.2039E+01  1.546E-18
 1@Optics[9]              beta.a <max>            BEGINNING   END        7.0000E+02   7.0000E+02  1.837E-19  M9B11
 1@Optics[1]              1@lat::beta.a[END] <target>                    6.6586E-01   6.6586E-01  4.437E-20
 1@Optics[3]              1@lat::alpha.a[END] <target>                   4.3124E-05   4.3124E-05  1.434E-20
 1@Optics[4]              1@lat::alpha.b[END] <target>                  -1.1741E-04  -1.1741E-04  1.856E-22
 1@Optics[10]             beta.b <max>            BEGINNING   END        7.0000E+02   1.7815E+02  0.000E+00  BEGINNING
 Twiss_P9_FirstFive[1]    1@M9Q1[K1]                          20.66     -6.0000E-01  -4.7238E-01  0.000E+00
 Twiss_P9_FirstFive[3]    1@M9Q3[K1]                          27.66     -6.0000E-01  -2.6001E-01  0.000E+00
 Twiss_P9_MiddleSeven[1]  1@M9Q6[K1]                          40.36     -6.0000E-01  -1.2532E-01  0.000E+00
 Constraints                            Ref_Ele    Start_Ele   Ele/S    Meas-or-Lim    Model       Merit      Max_Loc
 
  figure of merit: 3.522102E-18
 
 List of non-zero contributors to the Merit Function:
 Name                                          Merit           Sigma [= sqrt(Chi^2/N)]
 Optics.Twiss                                  3.5221E-18      1.7497E-11
