 M19Q1[K1] =  1.06969818542452105E-001   ! Not used in optimizing
 M19Q2[K1] =  5.40666946800782075E-002   ! Not used in optimizing
 M19Q3[K1] = -1.46345577403021843E-001   ! Not used in optimizing
 M19Q4[K1] = -1.31665433515881919E-001   ! Not used in optimizing
 M19Q5[K1] =  1.89716785554002926E-001   ! Not used in optimizing
 M19Q6[K1] =  5.99999999999999978E-001   ! Not used in optimizing
 M19Q7[K1] =  3.16562965330288049E-001   ! Not used in optimizing
 M19Q8[K1] = -5.28446634093130752E-001   ! Not used in optimizing
 M19Q9[K1] = -5.95212062860169921E-001   ! Not used in optimizing
 M19Q10[K1] =  5.86507064770175890E-001   ! Not used in optimizing
 M19Q11[K1] =  5.99999999999999978E-001   ! Not used in optimizing
 M19Q12[K1] = -2.65280579065232003E-001   ! Not used in optimizing
 M19Q13[K1] = -5.05728139185848247E-001   ! Not used in optimizing
 M19Q14[K1] =  5.99999999999999978E-001   ! Not used in optimizing
 M19Q15[K1] = -2.64547250133418843E-001   ! Not used in optimizing
 
 end_file
 
 
 ! Top 10
 
 Constraints                            Ref_Ele    Start_Ele   Ele/S    Meas-or-Lim    Model       Merit      Max_Loc
 3@Optics[22]             3@lat::beta.b[END] <target>                    1.0669E+01   1.0669E+01  1.262E-19
 3@Optics[21]             3@lat::beta.a[END] <target>                    1.3998E+00   1.3998E+00  7.889E-21
 3@Optics[23]             3@lat::alpha.a[END] <target>                   2.4658E-05   2.4658E-05  2.556E-21
 3@Optics[25]             3@lat::eta.a[END] <target>                     3.2967E-02   3.2967E-02  1.491E-22
 3@Optics[24]             3@lat::alpha.b[END] <target>                  -1.0462E-04  -1.0462E-04  1.257E-22
 3@Optics[26]             3@lat::etap.a[END] <target>                   -3.7558E-07  -3.7558E-07  1.131E-23
 3@Optics[29]             beta.a <max>            BEGINNING   END        7.0000E+02   3.0368E+02  0.000E+00  M13Q12
 Twiss_P13_MiddleFour[1]  3@M13Q5[K1]                         55.30     -6.0000E-01  -4.0863E-01  0.000E+00
 3@Optics[30]             beta.b <max>            BEGINNING   END        7.0000E+02   1.7258E+02  0.000E+00  M13Q9
 Twiss_P13_MiddleFour[3]  3@M13Q7[K1]                         60.66      6.0000E-01   6.0000E-01  0.000E+00
 Constraints                            Ref_Ele    Start_Ele   Ele/S    Meas-or-Lim    Model       Merit      Max_Loc
 
  figure of merit: 1.369488E-19
 
 List of non-zero contributors to the Merit Function:
 Name                                          Merit           Sigma [= sqrt(Chi^2/N)]
 Optics.Twiss                                  1.3695E-19      2.1202E-14
