 M19Q1[K1] =  1.06969818542452105E-001   ! Not used in optimizing
 M19Q2[K1] =  5.40666946800782075E-002   ! Not used in optimizing
 M19Q3[K1] = -1.46345577403021843E-001   ! Not used in optimizing
 M19Q4[K1] = -1.31665433515881919E-001   ! Not used in optimizing
 M19Q5[K1] =  1.89716785554002926E-001   ! Not used in optimizing
 M19Q6[K1] =  5.99999999999999978E-001   ! Not used in optimizing
 M19Q7[K1] =  3.16562965330288049E-001   ! Not used in optimizing
 M19Q8[K1] = -5.28446634093130752E-001   ! Not used in optimizing
 M19Q9[K1] = -5.95212062860169921E-001   ! Not used in optimizing
 M19Q10[K1] =  5.86507064770175890E-001   ! Not used in optimizing
 M19Q11[K1] =  5.99999999999999978E-001   ! Not used in optimizing
 M19Q12[K1] = -2.65280579065232003E-001   ! Not used in optimizing
 M19Q13[K1] = -5.05728139185848247E-001   ! Not used in optimizing
 M19Q14[K1] =  5.99999999999999978E-001   ! Not used in optimizing
 M19Q15[K1] = -2.64547250133418843E-001   ! Not used in optimizing
 
 end_file
 
 
 ! Top 10
 
 Constraints                            Ref_Ele    Start_Ele   Ele/S    Meas-or-Lim    Model       Merit      Max_Loc
 4@Optics[32]             4@lat::beta.b[END] <target>                    1.1607E+01   1.1607E+01  1.262E-19
 4@Optics[31]             4@lat::beta.a[END] <target>                    1.5386E+00   1.5386E+00  5.966E-20
 4@Optics[35]             4@lat::eta.a[END] <target>                     4.8495E-02   4.8495E-02  1.171E-20
 4@Optics[33]             4@lat::alpha.a[END] <target>                   2.4713E-05   2.4713E-05  2.561E-22
 4@Optics[36]             4@lat::etap.a[END] <target>                   -5.3096E-07  -5.3096E-07  8.157E-23
 4@Optics[34]             4@lat::alpha.b[END] <target>                  -1.1455E-04  -1.1455E-04  5.338E-23
 4@Optics[39]             beta.a <max>            BEGINNING   END        7.0000E+02   7.0000E+02  0.000E+00  D1506#5
 4@Optics[40]             beta.b <max>            BEGINNING   END        7.0000E+02   2.2086E+02  0.000E+00  D1505#8
 Twiss_P15_FirstThree[2]  4@M15Q2[K1]                         31.66     -6.0000E-01  -5.9999E-01  0.000E+00
 Twiss_P15_FirstThree[1]  4@M15Q1[K1]                         30.86      6.0000E-01   1.7344E-01  0.000E+00
 Constraints                            Ref_Ele    Start_Ele   Ele/S    Meas-or-Lim    Model       Merit      Max_Loc
 
  figure of merit: 1.979760E-19
 
 List of non-zero contributors to the Merit Function:
 Name                                          Merit           Sigma [= sqrt(Chi^2/N)]
 Optics.Twiss                                  1.9798E-19      1.9015E-15
