 O_P9_TOF_B1[STRENGTH9_1] =  4.95288804523830728E-001   ! Not used in optimizing
 O_P9_TOF_B2[STRENGTH9_2] =  1.19013021656125728E+000   ! Not used in optimizing
 O_P9_TOF_B3[STRENGTH9_3] = -1.43900033753680767E+000   ! Not used in optimizing
 O_P9_TOF_B4[STRENGTH9_4] =  1.50000000000005684E+000   ! Not used in optimizing
 O_P9_TOF_D1[LENGTH9_1] =  2.80000000000000204E+000   ! Not used in optimizing
 O_P9_TOF_D2[LENGTH9_2] =  2.62222424347977867E+000   ! Not used in optimizing
 O_P9_TOF_D3[LENGTH9_3] =  1.96000000000000014E+001   ! Not used in optimizing
 O_P9_TOF_D4[LENGTH9_4] =  7.86231675485836057E+000   ! Not used in optimizing
 O_P9_TOF_D5[LENGTH9_5] =  5.14094610309435485E+000   ! Not used in optimizing
 
 end_file
 
 
 ! Top 10
 
 Constraints                                      Ref_Ele    Start_Ele   Ele/S    Meas-or-Lim    Model       Merit      Max_Loc
 4@ToF[11]          4@lat::floor.x[END] <target>                                  -1.1833E-02  -1.1833E-02  5.308E-23
 ToF_P15_Drifts[6]  4@O_P15_TOF_D6[LENGTH15_6]                                     1.8000E+01   1.8888E+01  0.000E+00
 ToF_P15_Drifts[5]  4@O_P15_TOF_D5[LENGTH15_5]                                     1.1000E+00   1.1905E+00  0.000E+00
 ToF_P15_Drifts[4]  4@O_P15_TOF_D4[LENGTH15_4]                                     1.7500E+00   1.9920E+00  0.000E+00
 ToF_P15_Drifts[3]  4@O_P15_TOF_D3[LENGTH15_3]                                     2.8000E+00   2.7536E+00  0.000E+00
 ToF_P15_Drifts[2]  4@O_P15_TOF_D2[LENGTH15_2]                                     2.2000E+01   2.2992E+01  0.000E+00
 ToF_P15_Drifts[1]  4@O_P15_TOF_D1[LENGTH15_1]                                     7.8000E+00   7.6904E+00  0.000E+00
 ToF_P15_Bends[3]   4@O_P15_TOF_B3[STRENGTH15_3]                                   1.7000E+00   1.5559E+00  0.000E+00
 ToF_P15_Bends[2]   4@O_P15_TOF_B2[STRENGTH15_2]                                  -1.7000E+00  -1.6998E+00  0.000E+00
 ToF_P15_Bends[1]   4@O_P15_TOF_B1[STRENGTH15_1]                                   1.7000E+00   1.7000E+00  0.000E+00
 Constraints                                      Ref_Ele    Start_Ele   Ele/S    Meas-or-Lim    Model       Merit      Max_Loc
 
  figure of merit: 5.308344E-23
 
 List of non-zero contributors to the Merit Function:
 Name                                          Merit           Sigma [= sqrt(Chi^2/N)]
 ToF.time                                      5.3083E-23      7.2858E-17
