 M17Q1[K1] = -1.81290967374040074E-001   ! Not used in optimizing
 M17Q2[K1] = -5.99999999999998868E-001   ! Not used in optimizing
 M17Q3[K1] =  4.43469255590222433E-001   ! Not used in optimizing
 M17Q4[K1] =  1.26628515876829384E-001   ! Not used in optimizing
 M17Q5[K1] =  4.83999572275373366E-002   ! Not used in optimizing
 M17Q6[K1] = -6.89681250384663741E-002   ! Not used in optimizing
 M17Q7[K1] =  1.43446966779587043E-001   ! Not used in optimizing
 M17Q8[K1] = -3.55001679791406274E-007   ! Not used in optimizing
 M17Q9[K1] = -2.73039782863798264E-001   ! Not used in optimizing
 M17Q10[K1] = -2.58334755133786398E-003   ! Not used in optimizing
 M17Q11[K1] = -1.66245438802680029E-001   ! Not used in optimizing
 M17Q12[K1] =  4.17248687128561169E-001   ! Not used in optimizing
 M17Q13[K1] =  3.81723946163086025E-001   ! Not used in optimizing
 M17Q14[K1] = -5.99999999999998201E-001   ! Not used in optimizing
 
 end_file
 
 
 ! Top 10
 
 Constraints                            Ref_Ele    Start_Ele   Ele/S    Meas-or-Lim    Model       Merit      Max_Loc
 3@Optics[22]             3@lat::beta.b[END] <target>                    1.0669E+01   1.0669E+01  3.155E-18
 3@Optics[21]             3@lat::beta.a[END] <target>                    1.3998E+00   1.3998E+00  7.889E-21
 3@Optics[28]             3@lat::r.56[END] <target>                      1.2809E-01   1.2809E-01  0.000E+00
 3@Optics[29]             beta.a <max>            BEGINNING   END        7.0000E+02   6.7114E+02  0.000E+00  D1308#5
 3@Optics[30]             beta.b <max>            BEGINNING   END        7.0000E+02   7.0000E+02  0.000E+00  M13Q4
 Twiss_P13_FirstFour[1]   3@M13Q1[K1]                         34.16     -6.0000E-01  -5.5373E-01  0.000E+00
 Twiss_P13_FirstFour[2]   3@M13Q2[K1]                         35.16     -6.0000E-01  -1.1665E-01  0.000E+00
 Twiss_P13_FirstFour[4]   3@M13Q4[K1]                         50.55     -6.0000E-01  -3.7579E-01  0.000E+00
 Twiss_P13_FirstFour[3]   3@M13Q3[K1]                         43.66      6.0000E-01   5.2537E-01  0.000E+00
 Twiss_P13_MiddleFour[2]  3@M13Q6[K1]                         59.66      6.0000E-01   2.6371E-01  0.000E+00
 Constraints                            Ref_Ele    Start_Ele   Ele/S    Meas-or-Lim    Model       Merit      Max_Loc
 
  figure of merit: 3.163332E-18
 
 List of non-zero contributors to the Merit Function:
 Name                                          Merit           Sigma [= sqrt(Chi^2/N)]
 Optics.Twiss                                  3.1633E-18      1.2576E-14
