 M13Q1[K1] =  5.24729864937412915E-001   ! Not used in optimizing
 M13Q2[K1] = -5.99999999999999978E-001   ! Not used in optimizing
 M13Q3[K1] =  4.05100815951643031E-002   ! Not used in optimizing
 M13Q4[K1] =  5.99999999999999978E-001   ! Not used in optimizing
 M13Q5[K1] = -4.08627727201031965E-001   ! Not used in optimizing
 M13Q6[K1] =  5.89607369594519811E-003   ! Not used in optimizing
 M13Q7[K1] =  5.99999999999999978E-001   ! Not used in optimizing
 M13Q8[K1] = -1.63723132439091507E-001   ! Not used in optimizing
 M13Q9[K1] = -3.35769930021170449E-001   ! Not used in optimizing
 M13Q10[K1] = -4.71254608410335216E-002   ! Not used in optimizing
 M13Q11[K1] = -2.89713176718557563E-001   ! Not used in optimizing
 M13Q12[K1] =  5.99999999999999978E-001   ! Not used in optimizing
 
 end_file
 
 
 ! Top 10
 
 Constraints                            Ref_Ele    Start_Ele   Ele/S    Meas-or-Lim    Model       Merit      Max_Loc
 4@Optics[32]             4@lat::beta.b[END] <target>                    1.1607E+01   1.1607E+01  1.262E-19
 4@Optics[31]             4@lat::beta.a[END] <target>                    1.5386E+00   1.5386E+00  5.966E-20
 4@Optics[35]             4@lat::eta.a[END] <target>                     4.8495E-02   4.8495E-02  1.171E-20
 4@Optics[33]             4@lat::alpha.a[END] <target>                   2.4713E-05   2.4713E-05  2.561E-22
 4@Optics[36]             4@lat::etap.a[END] <target>                   -5.3096E-07  -5.3096E-07  8.157E-23
 4@Optics[34]             4@lat::alpha.b[END] <target>                  -1.1455E-04  -1.1455E-04  5.338E-23
 4@Optics[39]             beta.a <max>            BEGINNING   END        7.0000E+02   7.0000E+02  0.000E+00  D1506#5
 4@Optics[40]             beta.b <max>            BEGINNING   END        7.0000E+02   2.2086E+02  0.000E+00  D1505#8
 Twiss_P15_FirstThree[2]  4@M15Q2[K1]                         31.66     -6.0000E-01  -5.9999E-01  0.000E+00
 Twiss_P15_FirstThree[1]  4@M15Q1[K1]                         30.86      6.0000E-01   1.7344E-01  0.000E+00
 Constraints                            Ref_Ele    Start_Ele   Ele/S    Meas-or-Lim    Model       Merit      Max_Loc
 
  figure of merit: 1.979760E-19
 
 List of non-zero contributors to the Merit Function:
 Name                                          Merit           Sigma [= sqrt(Chi^2/N)]
 Optics.Twiss                                  1.9798E-19      1.9015E-15
