 M19Q1[K1] = -4.06107986220535011E-001
 M19Q2[K1] =  5.50000000000000044E-001
 M19Q3[K1] =  5.35578853265872550E-003
 M19Q4[K1] = -1.74165601044809826E-001
 M19Q5[K1] = -1.67509484317318394E-002
 M19Q6[K1] =  5.87732917991506065E-001
 M19Q7[K1] =  2.84965650378986246E-001
 M19Q8[K1] = -5.65168763421563081E-001
 M19Q9[K1] = -5.50034290439339713E-001
 M19Q10[K1] =  5.47883524051911541E-001
 M19Q11[K1] =  5.50000000000000044E-001
 M19Q12[K1] = -5.50000000000000044E-001
 M19Q13[K1] =  1.36086083807548414E-001
 M19Q14[K1] =  5.50000000000000044E-001
 M19Q15[K1] = -4.59818779612849893E-001
 
 end_file
 
 
 ! Top 10
 
 Constraints                           Ref_Ele    Start_Ele   Ele/S    Meas-or-Lim    Model       Merit      Max_Loc
 6@Optics[51]            6@lat::beta.a[END] <target>                    1.6824E+00   1.6824E+00  2.386E-19
 6@Optics[55]            6@lat::eta.a[END] <target>                     7.2865E-02   7.2865E-02  2.961E-20
 6@Optics[54]            6@lat::alpha.b[END] <target>                  -2.2893E-04  -2.2893E-04  1.674E-21
 6@Optics[53]            6@lat::alpha.a[END] <target>                   2.6113E-05   2.6113E-05  5.409E-22
 6@Optics[56]            6@lat::etap.a[END] <target>                   -7.6926E-07  -7.6926E-07  4.697E-22
 6@Optics[59]            beta.a <max>            BEGINNING   END        7.0000E+02   1.6566E+02  0.000E+00  M19Q2
 6@Optics[60]            beta.b <max>            BEGINNING   END        7.0000E+02   1.3377E+02  0.000E+00  M19Q4
 Twiss_P19_FirstFive[1]  6@M19Q1[K1]                         33.36     -6.0000E-01  -4.0611E-01  0.000E+00
 Twiss_P19_FirstFive[2]  6@M19Q2[K1]                         33.96      6.0000E-01   5.5000E-01  0.000E+00
 Twiss_P19_FirstFive[3]  6@M19Q3[K1]                         43.86      6.0000E-01   5.3558E-03  0.000E+00
 Constraints                           Ref_Ele    Start_Ele   Ele/S    Meas-or-Lim    Model       Merit      Max_Loc
 
  figure of merit: 2.709284E-19
 
 List of non-zero contributors to the Merit Function:
 Name                                          Merit           Sigma [= sqrt(Chi^2/N)]
 Optics.Twiss                                  2.7093E-19      3.1312E-15
