 M11Q1[K1] =  2.93662757839260879E-001   ! Not used in optimizing
 M11Q2[K1] = -2.15725008185837203E-001   ! Not used in optimizing
 M11Q3[K1] = -2.80729497225060742E-001   ! Not used in optimizing
 M11Q4[K1] =  5.99999999999999978E-001   ! Not used in optimizing
 M11Q5[K1] =  2.43916587188138495E-001   ! Not used in optimizing
 M11Q6[K1] =  5.90406078366560116E-001   ! Not used in optimizing
 M11Q7[K1] = -1.86765888302845712E-001   ! Not used in optimizing
 M11Q8[K1] = -2.03298393199275174E-001   ! Not used in optimizing
 M11Q9[K1] = -2.16050472726203507E-001   ! Not used in optimizing
 M11Q10[K1] =  1.06357735990473004E-001   ! Not used in optimizing
 M11Q11[K1] =  1.18971963475735229E-001   ! Not used in optimizing
 M11Q12[K1] = -2.09369052571713232E-001   ! Not used in optimizing
 M11Q13[K1] = -4.47114280941692116E-002   ! Not used in optimizing
 M11Q14[K1] =  3.85581589118647539E-001   ! Not used in optimizing
 
 end_file
 
 
 ! Top 10
 
 Constraints                          Ref_Ele    Start_Ele   Ele/S    Meas-or-Lim    Model       Merit      Max_Loc
 5@Optics[41]           5@lat::beta.a[END] <target>                    1.6261E+00   1.6261E+00  6.390E-19
 5@Optics[42]           5@lat::beta.b[END] <target>                    1.4063E+01   1.4063E+01  3.155E-20
 5@Optics[43]           5@lat::alpha.a[END] <target>                   2.5401E-05   2.5401E-05  2.325E-21
 5@Optics[44]           5@lat::alpha.b[END] <target>                  -1.3987E-04  -1.3987E-04  7.938E-24
 5@Optics[45]           5@lat::eta.a[END] <target>                     6.1641E-02   6.1641E-02  5.566E-24
 5@Optics[46]           5@lat::etap.a[END] <target>                   -6.6020E-07  -6.6020E-07  9.873E-25
 5@Optics[49]           beta.a <max>            BEGINNING   END        7.0000E+02   1.9860E+02  0.000E+00  M17Q7
 5@Optics[50]           beta.b <max>            BEGINNING   END        7.0000E+02   7.0000E+02  0.000E+00  M17Q6
 Twiss_P17_FirstSix[1]  5@M17Q1[K1]                         36.56      6.0000E-01   6.0000E-01  0.000E+00
 Twiss_P17_FirstSix[2]  5@M17Q2[K1]                         37.36     -6.0000E-01  -4.6008E-01  0.000E+00
 Constraints                          Ref_Ele    Start_Ele   Ele/S    Meas-or-Lim    Model       Merit      Max_Loc
 
  figure of merit: 6.728714E-19
 
 List of non-zero contributors to the Merit Function:
 Name                                          Merit           Sigma [= sqrt(Chi^2/N)]
 Optics.Twiss                                  6.7287E-19      2.0001E-14
