 M15Q1[K1] =  1.30550308442489077E-001   ! Not used in optimizing
 M15Q2[K1] = -3.72639257695849047E-001   ! Not used in optimizing
 M15Q3[K1] =  3.23608774002959898E-001   ! Not used in optimizing
 M15Q4[K1] = -2.39000919015834284E-001   ! Not used in optimizing
 M15Q5[K1] = -4.20639417831111639E-001   ! Not used in optimizing
 M15Q6[K1] = -5.48084938333322294E-002   ! Not used in optimizing
 M15Q7[K1] =  3.68673633426828351E-001   ! Not used in optimizing
 M15Q8[K1] = -7.49055356808339765E-003   ! Not used in optimizing
 M15Q9[K1] = -5.99999999999999978E-001   ! Not used in optimizing
 M15Q10[K1] =  3.42008368093945914E-001   ! Not used in optimizing
 
 end_file
 
 
 ! Top 10
 
 Constraints                           Ref_Ele    Start_Ele   Ele/S    Meas-or-Lim    Model       Merit      Max_Loc
 2@Optics[12]            2@lat::beta.b[END] <target>                    1.0662E+01   1.0662E+01  2.300E-17
 2@Optics[11]            2@lat::beta.a[END] <target>                    1.1641E+00   1.1641E+00  1.008E-17
 2@Optics[18]            2@lat::r.56[END] <target>                      4.4694E-02   4.4694E-02  1.204E-18
 2@Optics[14]            2@lat::alpha.b[END] <target>                  -1.0407E-04  -1.0407E-04  1.351E-23
 2@Optics[13]            2@lat::alpha.a[END] <target>                   2.6829E-05   2.6829E-05  2.228E-24
 2@Optics[19]            beta.a <max>            BEGINNING   END        7.0000E+02   1.8362E+02  0.000E+00  BEGINNING
 2@Optics[20]            beta.b <max>            BEGINNING   END        7.0000E+02   5.9605E+02  0.000E+00  D1103#2
 Twiss_P11_FirstFour[1]  2@M11Q1[K1]                         32.11      6.0000E-01   1.3495E-01  0.000E+00
 Twiss_P11_FirstFour[2]  2@M11Q2[K1]                         36.36     -6.0000E-01  -2.2371E-04  0.000E+00
 Twiss_P11_FirstFour[3]  2@M11Q3[K1]                         37.36      6.0000E-01   2.4167E-01  0.000E+00
 Constraints                           Ref_Ele    Start_Ele   Ele/S    Meas-or-Lim    Model       Merit      Max_Loc
 
  figure of merit: 3.428904E-17
 
 List of non-zero contributors to the Merit Function:
 Name                                          Merit           Sigma [= sqrt(Chi^2/N)]
 Optics.Twiss                                  3.4289E-17      2.5785E-14
