 M19Q1[K1] =  7.02698317430285879E-002   ! Not used in optimizing
 M19Q2[K1] = -3.48423242430615579E-002   ! Not used in optimizing
 M19Q3[K1] = -3.35471872808387125E-002   ! Not used in optimizing
 M19Q4[K1] =  2.43430594268051600E-003   ! Not used in optimizing
 M19Q5[K1] =  5.41872272328222451E-002   ! Not used in optimizing
 M19Q6[K1] =  7.29525051531251523E-002   ! Not used in optimizing
 M19Q7[K1] =  4.65209766278330480E-003   ! Not used in optimizing
 M19Q8[K1] = -3.21634973988096512E-002   ! Not used in optimizing
 M19Q9[K1] = -5.68815954705549701E-002   ! Not used in optimizing
 M19Q10[K1] =  5.82869824150214558E-002   ! Not used in optimizing
 M19Q11[K1] = -2.35474932495768757E-002   ! Not used in optimizing
 M19Q12[K1] = -1.93160817741857588E-001   ! Not used in optimizing
 M19Q13[K1] = -1.50392292074937345E-001   ! Not used in optimizing
 M19Q14[K1] =  5.23034767870636519E-001   ! Not used in optimizing
 M19Q15[K1] = -6.77845431141423926E-002   ! Not used in optimizing
 
 end_file
 
 
 ! Top 10
 
 Constraints                            Ref_Ele    Start_Ele   Ele/S    Meas-or-Lim    Model       Merit      Max_Loc
 1@Optics[2]              1@lat::beta.b[END] <target>                    1.2039E+01   1.2039E+01  8.207E-17
 1@Optics[8]              1@lat::r.56[END] <target>                     -7.0886E-02  -7.0886E-02  3.775E-17
 1@Optics[1]              1@lat::beta.a[END] <target>                    6.6586E-01   6.6586E-01  2.496E-19
 1@Optics[9]              beta.a <max>            BEGINNING   END        7.0000E+02   7.0000E+02  0.000E+00  M9Q16
 1@Optics[10]             beta.b <max>            BEGINNING   END        7.0000E+02   1.3102E+02  0.000E+00  M9Q14
 Twiss_P9_MiddleSeven[1]  1@M9Q6[K1]                          40.36     -6.0000E-01  -4.2369E-01  0.000E+00
 Twiss_P9_MiddleSeven[2]  1@M9Q7[K1]                          41.36      6.0000E-01   1.3917E-01  0.000E+00
 Twiss_P9_MiddleSeven[3]  1@M9Q8[K1]                          46.66      6.0000E-01   4.9869E-01  0.000E+00
 Twiss_P9_MiddleSeven[4]  1@M9Q9[K1]                          51.66     -6.0000E-01  -3.0678E-01  0.000E+00
 Twiss_P9_MiddleSeven[6]  1@M9Q11[K1]                         57.28      6.0000E-01   4.9884E-01  0.000E+00
 Constraints                            Ref_Ele    Start_Ele   Ele/S    Meas-or-Lim    Model       Merit      Max_Loc
 
  figure of merit: 1.200709E-16
 
 List of non-zero contributors to the Merit Function:
 Name                                          Merit           Sigma [= sqrt(Chi^2/N)]
 Optics.Twiss                                  1.2007E-16      5.2384E-14
