 M19Q1[K1] = -4.82155352647132829E-001
 M19Q2[K1] =  5.78892956705434503E-001
 M19Q3[K1] =  1.20043732666675076E-001
 M19Q4[K1] = -1.30806816706106638E-001
 M19Q5[K1] = -1.16775474955063033E-001
 M19Q6[K1] =  5.99999999999999978E-001
 M19Q7[K1] =  3.87083466405118037E-001
 M19Q8[K1] = -5.77260792347409568E-001
 M19Q9[K1] = -4.76226209978388215E-001
 M19Q10[K1] =  4.50799576676864322E-001
 M19Q11[K1] =  5.47735652487147173E-001
 M19Q12[K1] = -5.49650823050490289E-001
 M19Q13[K1] =  1.36566014604053793E-001
 M19Q14[K1] =  5.52029984101182314E-001
 M19Q15[K1] = -4.56539662787116163E-001
 
 end_file
 
 
 ! Top 10
 
 Constraints                           Ref_Ele    Start_Ele   Ele/S    Meas-or-Lim    Model       Merit      Max_Loc
 6@Optics[52]            6@lat::beta.b[END] <target>                    2.2819E+01   2.2819E+01  1.262E-17
 6@Optics[51]            6@lat::beta.a[END] <target>                    1.6824E+00   1.6824E+00  3.155E-20
 6@Optics[54]            6@lat::alpha.b[END] <target>                  -2.2893E-04  -2.2893E-04  1.156E-22
 6@Optics[53]            6@lat::alpha.a[END] <target>                   2.6113E-05   2.6113E-05  7.736E-24
 6@Optics[58]            6@lat::r.56[END] <target>                      2.8081E-01   2.8081E-01  0.000E+00
 6@Optics[59]            beta.a <max>            BEGINNING   END        7.0000E+02   2.9889E+02  0.000E+00  M19Q2
 6@Optics[60]            beta.b <max>            BEGINNING   END        7.0000E+02   2.7170E+02  0.000E+00  MCB4B
 Twiss_P19_FirstFive[1]  6@M19Q1[K1]                         33.36     -6.0000E-01  -4.8216E-01  0.000E+00
 Twiss_P19_FirstFive[2]  6@M19Q2[K1]                         33.96      6.0000E-01   5.7889E-01  0.000E+00
 Twiss_P19_FirstFive[3]  6@M19Q3[K1]                         43.86      6.0000E-01   1.2004E-01  0.000E+00
 Constraints                           Ref_Ele    Start_Ele   Ele/S    Meas-or-Lim    Model       Merit      Max_Loc
 
  figure of merit: 1.265345E-17
 
 List of non-zero contributors to the Merit Function:
 Name                                          Merit           Sigma [= sqrt(Chi^2/N)]
 Optics.Twiss                                  1.2653E-17      1.8633E-14
