 M17Q1[K1] = -1.81260013784629775E-001
 M17Q2[K1] = -5.99977387430800202E-001
 M17Q3[K1] =  4.43530086360720666E-001
 M17Q4[K1] =  1.26614974705522021E-001
 M17Q5[K1] =  4.83861921937170786E-002
 M17Q6[K1] = -6.89659337211487450E-002
 M17Q7[K1] =  1.47784063518994868E-001
 M17Q8[K1] =  1.75575646377061916E-003
 M17Q9[K1] = -2.76500903048849833E-001
 M17Q10[K1] = -6.09614790510077872E-003
 M17Q11[K1] = -1.67348883416644112E-001
 M17Q12[K1] =  4.17831998591621512E-001
 M17Q13[K1] =  3.82136965754741265E-001
 M17Q14[K1] = -5.99895738490839769E-001
 
 end_file
 
 
 ! Top 10
 
 Constraints                          Ref_Ele    Start_Ele   Ele/S    Meas-or-Lim    Model       Merit      Max_Loc
 5@Optics[41]           5@lat::beta.a[END] <target>                    1.6261E+00   1.6261E+00  1.326E-17
 5@Optics[48]           5@lat::r.56[END] <target>                      2.4233E-01   2.4233E-01  3.081E-18
 5@Optics[42]           5@lat::beta.b[END] <target>                    1.4063E+01   1.4063E+01  1.546E-18
 5@Optics[49]           beta.a <max>            BEGINNING   END        7.0000E+02   7.0000E+02  0.000E+00  M17Q4
 5@Optics[50]           beta.b <max>            BEGINNING   END        7.0000E+02   4.9647E+02  0.000E+00  M17Q9
 Twiss_P17_FirstSix[1]  5@M17Q1[K1]                         36.56     -6.0000E-01  -1.8126E-01  0.000E+00
 Twiss_P17_FirstSix[2]  5@M17Q2[K1]                         37.36     -6.0000E-01  -5.9998E-01  0.000E+00
 Twiss_P17_FirstSix[3]  5@M17Q3[K1]                         38.16      6.0000E-01   4.4353E-01  0.000E+00
 Twiss_P17_FirstSix[4]  5@M17Q4[K1]                         49.23      6.0000E-01   1.2661E-01  0.000E+00
 Twiss_P17_FirstSix[5]  5@M17Q5[K1]                         49.87      6.0000E-01   4.8386E-02  0.000E+00
 Constraints                          Ref_Ele    Start_Ele   Ele/S    Meas-or-Lim    Model       Merit      Max_Loc
 
  figure of merit: 1.788841E-17
 
 List of non-zero contributors to the Merit Function:
 Name                                          Merit           Sigma [= sqrt(Chi^2/N)]
 Optics.Twiss                                  1.7888E-17      2.2216E-14
