 M13Q1[K1] =  4.77162091777713959E-001   ! Not used in optimizing
 M13Q2[K1] = -5.99999999999999978E-001   ! Not used in optimizing
 M13Q3[K1] =  1.95410668625696893E-001   ! Not used in optimizing
 M13Q4[K1] =  1.50061551215265494E-002   ! Not used in optimizing
 M13Q5[K1] = -5.77988688090260716E-002   ! Not used in optimizing
 M13Q6[K1] =  3.13432092601631185E-001   ! Not used in optimizing
 M13Q7[K1] =  4.46821576146822608E-001   ! Not used in optimizing
 M13Q8[K1] = -5.99999999999999978E-001   ! Not used in optimizing
 M13Q9[K1] = -2.55513588663848101E-001   ! Not used in optimizing
 M13Q10[K1] =  2.23678310369013165E-002   ! Not used in optimizing
 M13Q11[K1] = -2.88191526387737929E-001   ! Not used in optimizing
 M13Q12[K1] =  5.99999999999999978E-001   ! Not used in optimizing
 
 end_file
 
 
 ! Top 10
 
 Constraints                           Ref_Ele    Start_Ele   Ele/S    Meas-or-Lim    Model       Merit      Max_Loc
 2@Optics[12]            2@lat::beta.b[END] <target>                    1.0662E+01   1.0662E+01  2.300E-17
 2@Optics[11]            2@lat::beta.a[END] <target>                    1.1641E+00   1.1641E+00  1.008E-17
 2@Optics[18]            2@lat::r.56[END] <target>                      4.4694E-02   4.4694E-02  1.204E-18
 2@Optics[14]            2@lat::alpha.b[END] <target>                  -1.0407E-04  -1.0407E-04  1.351E-23
 2@Optics[13]            2@lat::alpha.a[END] <target>                   2.6829E-05   2.6829E-05  2.228E-24
 2@Optics[19]            beta.a <max>            BEGINNING   END        7.0000E+02   1.8362E+02  0.000E+00  BEGINNING
 2@Optics[20]            beta.b <max>            BEGINNING   END        7.0000E+02   5.9605E+02  0.000E+00  D1103#2
 Twiss_P11_FirstFour[1]  2@M11Q1[K1]                         32.11      6.0000E-01   1.3495E-01  0.000E+00
 Twiss_P11_FirstFour[2]  2@M11Q2[K1]                         36.36     -6.0000E-01  -2.2371E-04  0.000E+00
 Twiss_P11_FirstFour[3]  2@M11Q3[K1]                         37.36      6.0000E-01   2.4167E-01  0.000E+00
 Constraints                           Ref_Ele    Start_Ele   Ele/S    Meas-or-Lim    Model       Merit      Max_Loc
 
  figure of merit: 3.428904E-17
 
 List of non-zero contributors to the Merit Function:
 Name                                          Merit           Sigma [= sqrt(Chi^2/N)]
 Optics.Twiss                                  3.4289E-17      2.5785E-14
