 M11Q1[K1] = -7.89647341902997568E-002   ! Not used in optimizing
 M11Q2[K1] = -2.09589941146538089E-001   ! Not used in optimizing
 M11Q3[K1] =  2.66880563262820891E-001   ! Not used in optimizing
 M11Q4[K1] =  3.19764324670205435E-001   ! Not used in optimizing
 M11Q5[K1] = -5.99999999999999978E-001   ! Not used in optimizing
 M11Q6[K1] = -8.99315082448209069E-002   ! Not used in optimizing
 M11Q7[K1] = -9.18185445314197018E-002   ! Not used in optimizing
 M11Q8[K1] = -5.98783624445835688E-002   ! Not used in optimizing
 M11Q9[K1] =  2.94654518408828184E-002   ! Not used in optimizing
 M11Q10[K1] = -1.80047399965761329E-001   ! Not used in optimizing
 M11Q11[K1] = -2.31363621892296228E-001   ! Not used in optimizing
 M11Q12[K1] = -1.08835461892848068E-001   ! Not used in optimizing
 M11Q13[K1] =  9.43685684686189075E-002   ! Not used in optimizing
 M11Q14[K1] =  4.20843118847738784E-001   ! Not used in optimizing
 
 end_file
 
 
 ! Top 10
 
 Constraints                            Ref_Ele    Start_Ele   Ele/S    Meas-or-Lim    Model       Merit      Max_Loc
 6@Optics[52]             6@lat::beta.b[END] <target>                    2.2819E+01   2.2819E+01  1.136E-18
 6@Optics[51]             6@lat::beta.a[END] <target>                    1.6824E+00   1.6824E+00  1.597E-19
 Twiss_P19_FinalFive[5]   6@M19Q15[K1]                        87.75     -6.0000E-01  -6.3487E-02  0.000E+00
 Twiss_P19_FinalFive[4]   6@M19Q14[K1]                        86.75      6.0000E-01   5.2864E-01  0.000E+00
 Twiss_P19_FinalFive[3]   6@M19Q13[K1]                        80.75     -6.0000E-01  -1.5133E-01  0.000E+00
 Twiss_P19_FinalFive[2]   6@M19Q12[K1]                        79.75     -6.0000E-01  -1.9480E-01  0.000E+00
 Twiss_P19_FinalFive[1]   6@M19Q11[K1]                        78.75     -6.0000E-01  -2.5119E-02  0.000E+00
 Twiss_P19_MiddleFive[5]  6@M19Q10[K1]                        74.75      6.0000E-01   5.6980E-02  0.000E+00
 Twiss_P19_MiddleFive[4]  6@M19Q9[K1]                         73.75     -6.0000E-01  -5.8457E-02  0.000E+00
 Twiss_P19_MiddleFive[3]  6@M19Q8[K1]                         63.81     -6.0000E-01  -3.1218E-02  0.000E+00
 Constraints                            Ref_Ele    Start_Ele   Ele/S    Meas-or-Lim    Model       Merit      Max_Loc
 
  figure of merit: 1.295704E-18
 
 List of non-zero contributors to the Merit Function:
 Name                                          Merit           Sigma [= sqrt(Chi^2/N)]
 Optics.Twiss                                  1.2957E-18      8.0489E-15
