 M15Q1[K1] =  1.73436232427512688E-001
 M15Q2[K1] = -5.99989823623686025E-001
 M15Q3[K1] =  3.07202892868729371E-001
 M15Q4[K1] = -1.55419020228567129E-001
 M15Q5[K1] = -3.89270133059676060E-001
 M15Q6[K1] =  2.40225681813378243E-002
 M15Q7[K1] =  3.24871624207064225E-001
 M15Q8[K1] = -2.32811853057056511E-002
 M15Q9[K1] = -5.99999999999999978E-001
 M15Q10[K1] =  3.26620703214614339E-001
 
 end_file
 
 
 ! Top 10
 
 Constraints                            Ref_Ele    Start_Ele   Ele/S    Meas-or-Lim    Model       Merit      Max_Loc
 4@Optics[32]             4@lat::beta.b[END] <target>                    1.1607E+01   1.1607E+01  1.262E-19
 4@Optics[31]             4@lat::beta.a[END] <target>                    1.5386E+00   1.5386E+00  5.966E-20
 4@Optics[35]             4@lat::eta.a[END] <target>                     4.8495E-02   4.8495E-02  1.171E-20
 4@Optics[33]             4@lat::alpha.a[END] <target>                   2.4713E-05   2.4713E-05  2.561E-22
 4@Optics[36]             4@lat::etap.a[END] <target>                   -5.3096E-07  -5.3096E-07  8.157E-23
 4@Optics[34]             4@lat::alpha.b[END] <target>                  -1.1455E-04  -1.1455E-04  5.338E-23
 4@Optics[39]             beta.a <max>            BEGINNING   END        7.0000E+02   7.0000E+02  0.000E+00  D1506#5
 4@Optics[40]             beta.b <max>            BEGINNING   END        7.0000E+02   2.2086E+02  0.000E+00  D1505#8
 Twiss_P15_FirstThree[2]  4@M15Q2[K1]                         31.66     -6.0000E-01  -5.9999E-01  0.000E+00
 Twiss_P15_FirstThree[1]  4@M15Q1[K1]                         30.86      6.0000E-01   1.7344E-01  0.000E+00
 Constraints                            Ref_Ele    Start_Ele   Ele/S    Meas-or-Lim    Model       Merit      Max_Loc
 
  figure of merit: 1.979760E-19
 
 List of non-zero contributors to the Merit Function:
 Name                                          Merit           Sigma [= sqrt(Chi^2/N)]
 Optics.Twiss                                  1.9798E-19      1.9015E-15
