 M13Q1[K1] = -5.53725273615538249E-001
 M13Q2[K1] = -1.16645493530589131E-001
 M13Q3[K1] =  5.25365339814451437E-001
 M13Q4[K1] = -3.75794458485264493E-001
 M13Q5[K1] = -1.96008123427012793E-001
 M13Q6[K1] =  2.63707425199571133E-001
 M13Q7[K1] =  3.29877817019828268E-001
 M13Q8[K1] =  5.99999999999999978E-001   ! Not used in optimizing
 M13Q9[K1] = -5.53289185355050672E-001
 M13Q10[K1] =  4.33260080284747995E-001
 M13Q11[K1] =  5.87953759895524009E-001
 M13Q12[K1] = -5.77226064101681202E-001
 
 end_file
 
 
 ! Top 10
 
 Constraints                            Ref_Ele    Start_Ele   Ele/S    Meas-or-Lim    Model       Merit      Max_Loc
 3@Optics[22]             3@lat::beta.b[END] <target>                    1.0669E+01   1.0669E+01  3.155E-18
 3@Optics[21]             3@lat::beta.a[END] <target>                    1.3998E+00   1.3998E+00  7.889E-21
 3@Optics[28]             3@lat::r.56[END] <target>                      1.2809E-01   1.2809E-01  0.000E+00
 3@Optics[29]             beta.a <max>            BEGINNING   END        7.0000E+02   6.7114E+02  0.000E+00  D1308#5
 3@Optics[30]             beta.b <max>            BEGINNING   END        7.0000E+02   7.0000E+02  0.000E+00  M13Q4
 Twiss_P13_FirstFour[1]   3@M13Q1[K1]                         34.16     -6.0000E-01  -5.5373E-01  0.000E+00
 Twiss_P13_FirstFour[2]   3@M13Q2[K1]                         35.16     -6.0000E-01  -1.1665E-01  0.000E+00
 Twiss_P13_FirstFour[4]   3@M13Q4[K1]                         50.55     -6.0000E-01  -3.7579E-01  0.000E+00
 Twiss_P13_FirstFour[3]   3@M13Q3[K1]                         43.66      6.0000E-01   5.2537E-01  0.000E+00
 Twiss_P13_MiddleFour[2]  3@M13Q6[K1]                         59.66      6.0000E-01   2.6371E-01  0.000E+00
 Constraints                            Ref_Ele    Start_Ele   Ele/S    Meas-or-Lim    Model       Merit      Max_Loc
 
  figure of merit: 3.163332E-18
 
 List of non-zero contributors to the Merit Function:
 Name                                          Merit           Sigma [= sqrt(Chi^2/N)]
 Optics.Twiss                                  3.1633E-18      1.2576E-14
