 M9Q13[K1] = -6.68881791918432694E-002
 M9Q14[K1] = -5.99999855090647238E-001
 M9Q15[K1] = -5.90921687205133439E-002
 M9Q16[K1] =  5.99999999999999978E-001
 M9Q17[K1] = -5.00569916985792562E-001
 M9Q18[K1] =  2.18556508341437944E-001
 M9Q19[K1] =  5.99999999999999978E-001
 M9Q20[K1] = -5.27305208713414131E-001
 M9Q1[K1] = -3.85849970376271889E-001
 M9Q2[K1] =  5.99999999999999978E-001
 M9Q3[K1] = -1.90749621209767517E-001
 M9Q4[K1] = -5.99999999999999978E-001
 M9Q5[K1] = -5.64621624991556548E-001
 M9Q6[K1] = -5.99999999999999978E-001
 M9Q7[K1] =  5.99999999999999978E-001
 M9Q8[K1] =  5.95889157507421330E-001
 M9Q9[K1] = -5.46662083529872667E-001
 M9Q10[K1] = -2.44151141507815944E-001
 M9Q11[K1] =  5.99999999999999978E-001
 M9Q12[K1] =  5.99999999999999978E-001
 
 end_file
 
 
 ! Top 10
 
 Constraints                           Ref_Ele    Start_Ele   Ele/S    Meas-or-Lim    Model       Merit      Max_Loc
 1@Optics[6]             1@lat::etap.a[END] <target>                   -1.9785E-02   8.5611E-02  1.111E+06
 1@Optics[8]             beta.a <max>            BEGINNING   END        6.0000E+02   1.5403E+03  8.842E+05  M9Q16
 1@Optics[3]             1@lat::alpha.a[END] <target>                   3.0489E+00   2.4416E+00  3.688E+04
 1@Optics[9]             beta.b <max>            BEGINNING   END        6.0000E+02   7.7071E+02  2.914E+04  M9Q9
 1@Optics[5]             1@lat::eta.a[END] <target>                     2.7207E-02   2.9989E-02  7.740E+02
 1@Optics[4]             1@lat::alpha.b[END] <target>                  -3.1896E+00  -3.1081E+00  6.644E+02
 1@Optics[7]             1@lat::r.56[END] <target>                     -7.0886E-02  -7.0886E-02  5.460E-01
 1@Optics[1]             1@lat::beta.a[END] <target>                    4.1573E+00   4.1573E+00  1.252E-02
 1@Optics[2]             1@lat::beta.b[END] <target>                    6.5151E+00   6.5151E+00  2.222E-03
 Twiss_P9_FinalEight[1]  1@M9Q13[K1]                         64.78     -6.0000E-01  -6.6888E-02  0.000E+00
 Constraints                           Ref_Ele    Start_Ele   Ele/S    Meas-or-Lim    Model       Merit      Max_Loc
 
  figure of merit: 2.062482E+06
 
 List of non-zero contributors to the Merit Function:
 Name                                          Merit           Sigma [= sqrt(Chi^2/N)]
 Optics.Twiss                                  2.0625E+06      3.1856E+02
