 M17Q1[K1] =  5.99999999999999978E-001   ! Not used in optimizing
 M17Q2[K1] = -1.33403550153756323E-001   ! Not used in optimizing
 M17Q3[K1] = -4.36092599832971217E-001   ! Not used in optimizing
 M17Q4[K1] =  1.61434733360701216E-001   ! Not used in optimizing
 M17Q5[K1] =  5.98856725900277054E-001   ! Not used in optimizing
 M17Q6[K1] = -4.79233745646530596E-001   ! Not used in optimizing
 M17Q7[K1] =  3.69928705465195018E-001   ! Not used in optimizing
 M17Q8[K1] =  9.12810814338655720E-003   ! Not used in optimizing
 M17Q9[K1] = -4.18961915167109997E-002   ! Not used in optimizing
 M17Q10[K1] = -1.25475953488364933E-001   ! Not used in optimizing
 M17Q11[K1] = -6.12881098110433717E-002   ! Not used in optimizing
 M17Q12[K1] =  1.63769765675414493E-002   ! Not used in optimizing
 M17Q13[K1] =  2.32351961811476312E-002   ! Not used in optimizing
 M17Q14[K1] =  1.90322660236217162E-001   ! Not used in optimizing
 
 end_file
 
 
 ! Top 10
 
 Constraints                            Ref_Ele    Start_Ele   Ele/S    Meas-or-Lim    Model       Merit      Max_Loc
 3@Optics[29]             beta.a <max>            BEGINNING   END        7.0000E+02   7.0000E+02  3.158E-13  M13Q12
 3@Optics[22]             3@lat::beta.b[END] <target>                    1.0669E+01   1.0669E+01  5.099E-15
 3@Optics[28]             3@lat::r.56[END] <target>                      1.2809E-01   1.2809E-01  1.850E-15
 3@Optics[21]             3@lat::beta.a[END] <target>                    1.3998E+00   1.3998E+00  1.098E-16
 3@Optics[30]             beta.b <max>            BEGINNING   END        7.0000E+02   2.3230E+02  0.000E+00  MCB1
 Twiss_P13_FirstFour[1]   3@M13Q1[K1]                         34.16     -6.0000E-01  -3.9005E-01  0.000E+00
 Twiss_P13_FirstFour[2]   3@M13Q2[K1]                         35.16      6.0000E-01   4.0968E-01  0.000E+00
 Twiss_P13_FirstFour[3]   3@M13Q3[K1]                         43.66      6.0000E-01   1.3375E-01  0.000E+00
 Twiss_P13_FirstFour[4]   3@M13Q4[K1]                         50.55     -6.0000E-01  -9.3736E-02  0.000E+00
 Twiss_P13_MiddleFour[2]  3@M13Q6[K1]                         59.66     -6.0000E-01  -2.3035E-01  0.000E+00
 Constraints                            Ref_Ele    Start_Ele   Ele/S    Meas-or-Lim    Model       Merit      Max_Loc
 
  figure of merit: 3.228384E-13
 
 List of non-zero contributors to the Merit Function:
 Name                                          Merit           Sigma [= sqrt(Chi^2/N)]
 Optics.Twiss                                  3.2284E-13      2.8097E-09
