 M17Q1[K1] =  5.50000000000000044E-001   ! Not used in optimizing
 M17Q2[K1] = -5.50000000000000044E-001   ! Not used in optimizing
 M17Q3[K1] =  5.08826782842252578E-001
 M17Q4[K1] = -3.75314568769870710E-002
 M17Q5[K1] =  5.50000000000000044E-001   ! Not used in optimizing
 M17Q6[K1] = -3.91246502384014982E-001
 M17Q7[K1] =  3.72865904818766636E-001
 M17Q8[K1] = -2.83253309861321301E-001
 M17Q9[K1] = -7.18090418808048220E-002
 M17Q10[K1] = -7.65739685385276592E-002
 M17Q11[K1] =  2.86063609734029702E-002
 M17Q12[K1] =  4.60550789783994663E-001
 M17Q13[K1] = -5.50000000000000044E-001   ! Not used in optimizing
 M17Q14[K1] =  2.46616245228534731E-001
 
 end_file
 
 
 ! Top 10
 
 Constraints                          Ref_Ele    Start_Ele   Ele/S    Meas-or-Lim    Model       Merit      Max_Loc
 5@Optics[50]           beta.b <max>            BEGINNING   END        7.0000E+02   1.4590E+03  5.760E+05  M17Q6
 5@Optics[43]           5@lat::alpha.a[END] <target>                   1.3111E+00   1.3111E+00  1.458E+01
 5@Optics[44]           5@lat::alpha.b[END] <target>                  -4.5492E+00  -4.5492E+00  1.077E+01
 5@Optics[41]           5@lat::beta.a[END] <target>                    2.5213E+00   2.5213E+00  2.067E+00
 5@Optics[42]           5@lat::beta.b[END] <target>                    1.0132E+01   1.0132E+01  6.994E-01
 5@Optics[45]           5@lat::eta.a[END] <target>                     8.4100E-02   8.4101E-02  5.844E-01
 5@Optics[46]           5@lat::etap.a[END] <target>                   -3.4900E-02  -3.4900E-02  3.573E-01
 5@Optics[49]           beta.a <max>            BEGINNING   END        7.0000E+02   5.6689E+02  0.000E+00  D1710#5
 Twiss_P17_FirstSix[4]  5@M17Q4[K1]                         49.23     -6.0000E-01  -3.7531E-02  0.000E+00
 Twiss_P17_FirstSix[3]  5@M17Q3[K1]                         38.16      6.0000E-01   5.0883E-01  0.000E+00
 Constraints                          Ref_Ele    Start_Ele   Ele/S    Meas-or-Lim    Model       Merit      Max_Loc
 
  figure of merit: 5.760671E+05
 
 List of non-zero contributors to the Merit Function:
 Name                                          Merit           Sigma [= sqrt(Chi^2/N)]
 Optics.Twiss                                  5.7607E+05      2.8686E+02
