 M19Q1[K1] =  1.06969818542452105E-001
 M19Q2[K1] =  5.40666946800782075E-002
 M19Q3[K1] = -1.46345577403021843E-001
 M19Q4[K1] = -1.31665433515881919E-001
 M19Q5[K1] =  1.89716785554002926E-001
 M19Q6[K1] =  5.99999999999999978E-001
 M19Q7[K1] =  3.16562965330288049E-001
 M19Q8[K1] = -5.28446634093130752E-001
 M19Q9[K1] = -5.95212062860169921E-001
 M19Q10[K1] =  5.86507064770175890E-001
 M19Q11[K1] =  5.99999999999999978E-001
 M19Q12[K1] = -2.65280579065232003E-001
 M19Q13[K1] = -5.05728139185848247E-001
 M19Q14[K1] =  5.99999999999999978E-001
 M19Q15[K1] = -2.64547250133418843E-001
 
 end_file
 
 
 ! Top 10
 
 Constraints                           Ref_Ele    Start_Ele   Ele/S    Meas-or-Lim    Model       Merit      Max_Loc
 6@Optics[60]            beta.b <max>            BEGINNING   END        7.0000E+02   8.6919E+02  2.863E+04  D1912#2
 6@Optics[54]            6@lat::alpha.b[END] <target>                  -7.5245E+00  -7.5245E+00  2.055E-01
 6@Optics[53]            6@lat::alpha.a[END] <target>                   1.2471E+00   1.2471E+00  1.888E-02
 6@Optics[52]            6@lat::beta.b[END] <target>                    1.6840E+01   1.6840E+01  1.409E-02
 6@Optics[51]            6@lat::beta.a[END] <target>                    2.4552E+00   2.4552E+00  6.660E-03
 6@Optics[56]            6@lat::etap.a[END] <target>                   -3.5000E-02  -3.5000E-02  1.126E-03
 6@Optics[55]            6@lat::eta.a[END] <target>                     9.3200E-02   9.3200E-02  5.910E-04
 6@Optics[59]            beta.a <max>            BEGINNING   END        7.0000E+02   1.3979E+02  0.000E+00  D1906#2
 Twiss_P19_FirstFive[1]  6@M19Q1[K1]                         33.36      6.0000E-01   1.0697E-01  0.000E+00
 Twiss_P19_FirstFive[2]  6@M19Q2[K1]                         33.96      6.0000E-01   5.4067E-02  0.000E+00
 Constraints                           Ref_Ele    Start_Ele   Ele/S    Meas-or-Lim    Model       Merit      Max_Loc
 
  figure of merit: 2.862577E+04
 
 List of non-zero contributors to the Merit Function:
 Name                                          Merit           Sigma [= sqrt(Chi^2/N)]
 Optics.Twiss                                  2.8626E+04      6.3948E+01
