 M17Q1[K1] =  5.99999999999999978E-001   ! Not used in optimizing
 M17Q2[K1] = -1.33403550153756323E-001   ! Not used in optimizing
 M17Q3[K1] = -4.36092599832971217E-001   ! Not used in optimizing
 M17Q4[K1] =  1.61434733360701216E-001   ! Not used in optimizing
 M17Q5[K1] =  5.98856725900277054E-001   ! Not used in optimizing
 M17Q6[K1] = -4.79233745646530596E-001   ! Not used in optimizing
 M17Q7[K1] =  3.69928705465195018E-001   ! Not used in optimizing
 M17Q8[K1] =  9.12810814338655720E-003   ! Not used in optimizing
 M17Q9[K1] = -4.18961915167109997E-002   ! Not used in optimizing
 M17Q10[K1] = -1.25475953488364933E-001   ! Not used in optimizing
 M17Q11[K1] = -6.12881098110433717E-002   ! Not used in optimizing
 M17Q12[K1] =  1.63769765675414493E-002   ! Not used in optimizing
 M17Q13[K1] =  2.32351961811476312E-002   ! Not used in optimizing
 M17Q14[K1] =  1.90322660236217162E-001   ! Not used in optimizing
 
 end_file
 
 
 ! Top 10
 
 Constraints                            Ref_Ele    Start_Ele   Ele/S    Meas-or-Lim    Model       Merit      Max_Loc
 1@Optics[8]              1@lat::r.56[END] <target>                     -7.0886E-02  -7.0886E-02  1.733E-18
 1@Optics[2]              1@lat::beta.b[END] <target>                    1.2039E+01   1.2039E+01  1.546E-18
 1@Optics[9]              beta.a <max>            BEGINNING   END        7.0000E+02   7.0000E+02  1.837E-19  M9B11
 1@Optics[1]              1@lat::beta.a[END] <target>                    6.6586E-01   6.6586E-01  4.437E-20
 1@Optics[3]              1@lat::alpha.a[END] <target>                   4.3124E-05   4.3124E-05  1.434E-20
 1@Optics[4]              1@lat::alpha.b[END] <target>                  -1.1741E-04  -1.1741E-04  1.856E-22
 1@Optics[10]             beta.b <max>            BEGINNING   END        7.0000E+02   1.7815E+02  0.000E+00  BEGINNING
 Twiss_P9_FirstFive[1]    1@M9Q1[K1]                          20.66     -6.0000E-01  -4.7238E-01  0.000E+00
 Twiss_P9_FirstFive[3]    1@M9Q3[K1]                          27.66     -6.0000E-01  -2.6001E-01  0.000E+00
 Twiss_P9_MiddleSeven[1]  1@M9Q6[K1]                          40.36     -6.0000E-01  -1.2532E-01  0.000E+00
 Constraints                            Ref_Ele    Start_Ele   Ele/S    Meas-or-Lim    Model       Merit      Max_Loc
 
  figure of merit: 3.522102E-18
 
 List of non-zero contributors to the Merit Function:
 Name                                          Merit           Sigma [= sqrt(Chi^2/N)]
 Optics.Twiss                                  3.5221E-18      1.7497E-11
