 M11Q1[K1] = -7.89647339038875989E-002   ! Not used in optimizing
 M11Q2[K1] = -2.09589940856863916E-001   ! Not used in optimizing
 M11Q3[K1] =  2.66880563551447625E-001   ! Not used in optimizing
 M11Q4[K1] =  3.19764324954288193E-001   ! Not used in optimizing
 M11Q5[K1] = -5.99999999999999978E-001   ! Not used in optimizing
 M11Q6[K1] = -7.39412817527112104E-002   ! Not used in optimizing
 M11Q7[K1] = -6.64850565902643242E-002   ! Not used in optimizing
 M11Q8[K1] = -7.73061057066998653E-002   ! Not used in optimizing
 M11Q9[K1] = -9.24192789860310560E-003   ! Not used in optimizing
 M11Q10[K1] = -1.67506160077747407E-001   ! Not used in optimizing
 M11Q11[K1] = -2.09389196371813746E-001   ! Not used in optimizing
 M11Q12[K1] = -9.69605155913682293E-002   ! Not used in optimizing
 M11Q13[K1] =  8.29956877610150412E-002   ! Not used in optimizing
 M11Q14[K1] =  4.15460265199220025E-001   ! Not used in optimizing
 
 end_file
 
 
 ! Top 10
 
 Constraints                          Ref_Ele    Start_Ele   Ele/S    Meas-or-Lim    Model       Merit      Max_Loc
 1@Optics[2]            1@lat::beta.b[END] <target>                    6.5151E+00   6.5151E+00  6.390E-19
 1@Optics[1]            1@lat::beta.a[END] <target>                    4.1573E+00   4.1573E+00  3.155E-20
 1@Optics[5]            1@lat::eta.a[END] <target>                     2.7207E-02   2.7207E-02  6.094E-23
 1@Optics[4]            1@lat::alpha.b[END] <target>                  -3.1896E+00  -3.1896E+00  4.930E-24
 1@Optics[6]            1@lat::etap.a[END] <target>                   -1.9785E-02  -1.9785E-02  2.438E-24
 1@Optics[3]            1@lat::alpha.a[END] <target>                   3.0489E+00   3.0489E+00  1.972E-25
 1@Optics[9]            beta.a <max>            BEGINNING   END        7.0000E+02   4.6391E+02  0.000E+00  D910#11
 1@Optics[10]           beta.b <max>            BEGINNING   END        7.0000E+02   7.0000E+02  0.000E+00  M9Q16
 Twiss_P9_FirstFive[1]  1@M9Q1[K1]                          20.66      6.0000E-01   4.2606E-01  0.000E+00
 Twiss_P9_FirstFive[2]  1@M9Q2[K1]                          24.16     -6.0000E-01  -4.2469E-01  0.000E+00
 Constraints                          Ref_Ele    Start_Ele   Ele/S    Meas-or-Lim    Model       Merit      Max_Loc
 
  figure of merit: 6.706003E-19
 
 List of non-zero contributors to the Merit Function:
 Name                                          Merit           Sigma [= sqrt(Chi^2/N)]
 Optics.Twiss                                  6.7060E-19      3.4836E-15
