 M13Q1[K1] = -3.90052686524412329E-001   ! Not used in optimizing
 M13Q2[K1] =  4.09679246406720987E-001   ! Not used in optimizing
 M13Q3[K1] =  1.33751545201556271E-001   ! Not used in optimizing
 M13Q4[K1] = -9.37361656949090571E-002   ! Not used in optimizing
 M13Q5[K1] = -5.99999999999999978E-001   ! Not used in optimizing
 M13Q6[K1] = -2.30345192793426023E-001   ! Not used in optimizing
 M13Q7[K1] = -9.46004784916185636E-003   ! Not used in optimizing
 M13Q8[K1] = -1.80929892312737345E-001   ! Not used in optimizing
 M13Q9[K1] = -3.59643997524498937E-001   ! Not used in optimizing
 M13Q10[K1] = -5.00517135190050921E-001   ! Not used in optimizing
 M13Q11[K1] =  7.06489393257769688E-002   ! Not used in optimizing
 M13Q12[K1] =  5.99999999999999978E-001   ! Not used in optimizing
 
 end_file
 
 
 ! Top 10
 
 Constraints                           Ref_Ele    Start_Ele   Ele/S    Meas-or-Lim    Model       Merit      Max_Loc
 6@Optics[52]            6@lat::beta.b[END] <target>                    2.2819E+01   2.2819E+01  1.262E-17
 6@Optics[51]            6@lat::beta.a[END] <target>                    1.6824E+00   1.6824E+00  3.155E-20
 6@Optics[54]            6@lat::alpha.b[END] <target>                  -2.2893E-04  -2.2893E-04  1.156E-22
 6@Optics[53]            6@lat::alpha.a[END] <target>                   2.6113E-05   2.6113E-05  7.736E-24
 6@Optics[58]            6@lat::r.56[END] <target>                      2.8081E-01   2.8081E-01  0.000E+00
 6@Optics[59]            beta.a <max>            BEGINNING   END        7.0000E+02   2.9889E+02  0.000E+00  M19Q2
 6@Optics[60]            beta.b <max>            BEGINNING   END        7.0000E+02   2.7170E+02  0.000E+00  MCB4B
 Twiss_P19_FirstFive[1]  6@M19Q1[K1]                         33.36     -6.0000E-01  -4.8216E-01  0.000E+00
 Twiss_P19_FirstFive[2]  6@M19Q2[K1]                         33.96      6.0000E-01   5.7889E-01  0.000E+00
 Twiss_P19_FirstFive[3]  6@M19Q3[K1]                         43.86      6.0000E-01   1.2004E-01  0.000E+00
 Constraints                           Ref_Ele    Start_Ele   Ele/S    Meas-or-Lim    Model       Merit      Max_Loc
 
  figure of merit: 1.265345E-17
 
 List of non-zero contributors to the Merit Function:
 Name                                          Merit           Sigma [= sqrt(Chi^2/N)]
 Optics.Twiss                                  1.2653E-17      1.8633E-14
