 M15Q1[K1] = -4.60066222537612382E-002   ! Not used in optimizing
 M15Q2[K1] = -5.96192547731960620E-001   ! Not used in optimizing
 M15Q3[K1] =  2.56142818361570157E-001   ! Not used in optimizing
 M15Q4[K1] =  1.47979918646027452E-002   ! Not used in optimizing
 M15Q5[K1] = -1.60921790332674008E-001   ! Not used in optimizing
 M15Q6[K1] =  3.90999470759163803E-002   ! Not used in optimizing
 M15Q7[K1] = -4.40691312396560356E-002   ! Not used in optimizing
 M15Q8[K1] = -2.16217945667111222E-001   ! Not used in optimizing
 M15Q9[K1] =  4.52876990356620435E-001   ! Not used in optimizing
 M15Q10[K1] = -2.68319885050242568E-001   ! Not used in optimizing
 
 end_file
 
 
 ! Top 10
 
 Constraints                            Ref_Ele    Start_Ele   Ele/S    Meas-or-Lim    Model       Merit      Max_Loc
 2@Optics[11]             2@lat::beta.a[END] <target>                    1.1641E+00   1.1641E+00  8.697E-19
 2@Optics[12]             2@lat::beta.b[END] <target>                    1.0662E+01   1.0662E+01  3.155E-20
 2@Optics[13]             2@lat::alpha.a[END] <target>                   2.6829E-05   2.6829E-05  5.460E-23
 2@Optics[15]             2@lat::eta.a[END] <target>                     1.4456E-02   1.4456E-02  2.929E-23
 2@Optics[14]             2@lat::alpha.b[END] <target>                  -1.0407E-04  -1.0407E-04  3.518E-24
 2@Optics[16]             2@lat::etap.a[END] <target>                   -1.8690E-07  -1.8690E-07  1.029E-24
 2@Optics[19]             beta.a <max>            BEGINNING   END        7.0000E+02   1.4403E+02  0.000E+00  D1106#11
 2@Optics[20]             beta.b <max>            BEGINNING   END        7.0000E+02   2.5212E+02  0.000E+00  D1105#5
 Twiss_P11_MiddleFour[2]  2@M11Q6[K1]                         57.86      6.0000E-01   5.9041E-01  0.000E+00
 Twiss_P11_MiddleFour[1]  2@M11Q5[K1]                         48.50      6.0000E-01   2.4392E-01  0.000E+00
 Constraints                            Ref_Ele    Start_Ele   Ele/S    Meas-or-Lim    Model       Merit      Max_Loc
 
  figure of merit: 9.013620E-19
 
 List of non-zero contributors to the Merit Function:
 Name                                          Merit           Sigma [= sqrt(Chi^2/N)]
 Optics.Twiss                                  9.0136E-19      4.9757E-15
