 M17Q1[K1] =  5.50000000000000044E-001   ! Not used in optimizing
 M17Q2[K1] = -5.50000000000000044E-001   ! Not used in optimizing
 M17Q3[K1] =  5.08826782842252578E-001   ! Not used in optimizing
 M17Q4[K1] = -3.75314568769870710E-002   ! Not used in optimizing
 M17Q5[K1] =  5.50000000000000044E-001   ! Not used in optimizing
 M17Q6[K1] = -3.91246502384014982E-001   ! Not used in optimizing
 M17Q7[K1] =  3.72865904818766636E-001   ! Not used in optimizing
 M17Q8[K1] = -2.83253309861321301E-001   ! Not used in optimizing
 M17Q9[K1] = -7.18090418808048220E-002   ! Not used in optimizing
 M17Q10[K1] = -7.65739685385276592E-002   ! Not used in optimizing
 M17Q11[K1] =  2.86063609734029702E-002   ! Not used in optimizing
 M17Q12[K1] =  4.60550789783994663E-001   ! Not used in optimizing
 M17Q13[K1] = -5.50000000000000044E-001   ! Not used in optimizing
 M17Q14[K1] =  2.46616245228534731E-001   ! Not used in optimizing
 
 end_file
 
 
 ! Top 10
 
 Constraints                            Ref_Ele    Start_Ele   Ele/S    Meas-or-Lim    Model       Merit      Max_Loc
 1@Optics[1]              1@lat::beta.a[END] <target>                    6.6586E-01   6.6586E-01  2.496E-19
 1@Optics[2]              1@lat::beta.b[END] <target>                    1.2039E+01   1.2039E+01  3.155E-20
 1@Optics[3]              1@lat::alpha.a[END] <target>                   4.3124E-05   4.3124E-05  2.189E-21
 1@Optics[5]              1@lat::eta.a[END] <target>                    -7.8352E-03  -7.8352E-03  1.472E-21
 1@Optics[6]              1@lat::etap.a[END] <target>                    4.3951E-08   4.3951E-08  8.501E-23
 1@Optics[4]              1@lat::alpha.b[END] <target>                  -1.1741E-04  -1.1741E-04  4.283E-24
 1@Optics[9]              beta.a <max>            BEGINNING   END        7.0000E+02   7.0000E+02  0.000E+00  M9Q16
 1@Optics[10]             beta.b <max>            BEGINNING   END        7.0000E+02   2.0685E+02  0.000E+00  D908#2
 Twiss_P9_MiddleSeven[1]  1@M9Q6[K1]                          40.36     -6.0000E-01  -9.6871E-02  0.000E+00
 Twiss_P9_MiddleSeven[2]  1@M9Q7[K1]                          41.36      6.0000E-01   5.2425E-01  0.000E+00
 Constraints                            Ref_Ele    Start_Ele   Ele/S    Meas-or-Lim    Model       Merit      Max_Loc
 
  figure of merit: 2.849060E-19
 
 List of non-zero contributors to the Merit Function:
 Name                                          Merit           Sigma [= sqrt(Chi^2/N)]
 Optics.Twiss                                  2.8491E-19      1.9310E-14
