 M9Q1[K1] = -4.10711246816496844E-001
 M9Q2[K1] =  4.97871757349785338E-001
 M9Q3[K1] = -6.27446256606074282E-002
 M9Q4[K1] = -5.99955886869097843E-001
 M9Q5[K1] = -1.39797303363076941E-001
 M9Q6[K1] =  1.11585586259851897E-002
 M9Q7[K1] =  4.93661429398355889E-001
 M9Q8[K1] =  4.43998793335551242E-002
 M9Q9[K1] = -5.98474694985312583E-001
 M9Q10[K1] =  1.02456646339156202E-001
 M9Q11[K1] =  5.91556723548587793E-001
 M9Q12[K1] =  3.05223776000651703E-001
 M9Q13[K1] =  3.23871729500996131E-001
 M9Q14[K1] = -5.99997819825549450E-001
 M9Q15[K1] =  7.97036191885551887E-002
 M9Q16[K1] =  4.54262316229923691E-001
 M9Q17[K1] = -1.93012837357367240E-001
 M9Q18[K1] =  2.10457116011481371E-001
 M9Q19[K1] =  5.35584556604179807E-001
 M9Q20[K1] = -5.99994487140244726E-001
 
 end_file
 
 
 ! Top 10
 
 Constraints                          Ref_Ele    Start_Ele   Ele/S    Meas-or-Lim    Model       Merit      Max_Loc
 1@Optics[1]            1@lat::beta.a[END] <target>                    6.6586E-01   6.6586E-01  3.462E-19
 1@Optics[2]            1@lat::beta.b[END] <target>                    1.2039E+01   1.2039E+01  1.262E-19
 1@Optics[3]            1@lat::alpha.a[END] <target>                   4.3124E-05   4.3124E-05  1.149E-19
 1@Optics[5]            1@lat::eta.a[END] <target>                    -7.8352E-03  -7.8352E-03  3.207E-21
 1@Optics[4]            1@lat::alpha.b[END] <target>                  -1.1741E-04  -1.1741E-04  2.886E-21
 1@Optics[6]            1@lat::etap.a[END] <target>                    4.3951E-08   4.3951E-08  1.469E-21
 1@Optics[9]            beta.a <max>            BEGINNING   END        7.0000E+02   7.0000E+02  0.000E+00  M9Q16
 1@Optics[10]           beta.b <max>            BEGINNING   END        7.0000E+02   7.0000E+02  0.000E+00  D908#2
 Twiss_P9_FirstFive[1]  1@M9Q1[K1]                          20.66     -6.0000E-01  -4.1071E-01  0.000E+00
 Twiss_P9_FirstFive[2]  1@M9Q2[K1]                          24.16      6.0000E-01   4.9787E-01  0.000E+00
 Constraints                          Ref_Ele    Start_Ele   Ele/S    Meas-or-Lim    Model       Merit      Max_Loc
 
  figure of merit: 5.949058E-19
 
 List of non-zero contributors to the Merit Function:
 Name                                          Merit           Sigma [= sqrt(Chi^2/N)]
 Optics.Twiss                                  5.9491E-19      4.3860E-14
