 M11Q1[K1] =  2.93662757839260879E-001   ! Not used in optimizing
 M11Q2[K1] = -2.15725008185837203E-001   ! Not used in optimizing
 M11Q3[K1] = -2.80729497225060742E-001   ! Not used in optimizing
 M11Q4[K1] =  5.99999999999999978E-001   ! Not used in optimizing
 M11Q5[K1] =  5.99999999999999978E-001   ! Not used in optimizing
 M11Q6[K1] =  7.21472404695837344E-002   ! Not used in optimizing
 M11Q7[K1] =  2.82811531498025459E-001   ! Not used in optimizing
 M11Q8[K1] = -1.61967017448919282E-001   ! Not used in optimizing
 M11Q9[K1] = -2.36404447008767477E-001   ! Not used in optimizing
 M11Q10[K1] =  2.62597846913266098E-001   ! Not used in optimizing
 M11Q11[K1] =  1.53053949778437573E-002   ! Not used in optimizing
 M11Q12[K1] = -3.84361385764670660E-001   ! Not used in optimizing
 M11Q13[K1] = -2.26510406552022175E-001   ! Not used in optimizing
 M11Q14[K1] =  5.99999999999999978E-001   ! Not used in optimizing
 
 end_file
 
 
 ! Top 10
 
 Constraints                            Ref_Ele    Start_Ele   Ele/S    Meas-or-Lim    Model       Merit      Max_Loc
 1@Optics[1]              1@lat::beta.a[END] <target>                    6.6586E-01   6.6586E-01  2.496E-19
 1@Optics[2]              1@lat::beta.b[END] <target>                    1.2039E+01   1.2039E+01  3.155E-20
 1@Optics[3]              1@lat::alpha.a[END] <target>                   4.3124E-05   4.3124E-05  2.189E-21
 1@Optics[5]              1@lat::eta.a[END] <target>                    -7.8352E-03  -7.8352E-03  1.472E-21
 1@Optics[6]              1@lat::etap.a[END] <target>                    4.3951E-08   4.3951E-08  8.501E-23
 1@Optics[4]              1@lat::alpha.b[END] <target>                  -1.1741E-04  -1.1741E-04  4.283E-24
 1@Optics[9]              beta.a <max>            BEGINNING   END        7.0000E+02   7.0000E+02  0.000E+00  M9Q16
 1@Optics[10]             beta.b <max>            BEGINNING   END        7.0000E+02   2.0685E+02  0.000E+00  D908#2
 Twiss_P9_MiddleSeven[1]  1@M9Q6[K1]                          40.36     -6.0000E-01  -9.6871E-02  0.000E+00
 Twiss_P9_MiddleSeven[2]  1@M9Q7[K1]                          41.36      6.0000E-01   5.2425E-01  0.000E+00
 Constraints                            Ref_Ele    Start_Ele   Ele/S    Meas-or-Lim    Model       Merit      Max_Loc
 
  figure of merit: 2.849060E-19
 
 List of non-zero contributors to the Merit Function:
 Name                                          Merit           Sigma [= sqrt(Chi^2/N)]
 Optics.Twiss                                  2.8491E-19      1.9310E-14
