 M17Q1[K1] = -1.81260013784629775E-001   ! Not used in optimizing
 M17Q2[K1] = -5.99977387430800202E-001   ! Not used in optimizing
 M17Q3[K1] =  4.43530086360720666E-001   ! Not used in optimizing
 M17Q4[K1] =  1.26614974705522021E-001   ! Not used in optimizing
 M17Q5[K1] =  4.83861921937170786E-002   ! Not used in optimizing
 M17Q6[K1] = -6.89659337211487450E-002   ! Not used in optimizing
 M17Q7[K1] =  1.47784063518994868E-001   ! Not used in optimizing
 M17Q8[K1] =  1.75575646377061916E-003   ! Not used in optimizing
 M17Q9[K1] = -2.76500903048849833E-001   ! Not used in optimizing
 M17Q10[K1] = -6.09614790510077872E-003   ! Not used in optimizing
 M17Q11[K1] = -1.67348883416644112E-001   ! Not used in optimizing
 M17Q12[K1] =  4.17831998591621512E-001   ! Not used in optimizing
 M17Q13[K1] =  3.82136965754741265E-001   ! Not used in optimizing
 M17Q14[K1] = -5.99895738490839769E-001   ! Not used in optimizing
 
 end_file
 
 
 ! Top 10
 
 Constraints                            Ref_Ele    Start_Ele   Ele/S    Meas-or-Lim    Model       Merit      Max_Loc
 6@Optics[52]             6@lat::beta.b[END] <target>                    2.2819E+01   2.2819E+01  1.136E-18
 6@Optics[51]             6@lat::beta.a[END] <target>                    1.6824E+00   1.6824E+00  1.597E-19
 Twiss_P19_FinalFive[5]   6@M19Q15[K1]                        87.75     -6.0000E-01  -6.3487E-02  0.000E+00
 Twiss_P19_FinalFive[4]   6@M19Q14[K1]                        86.75      6.0000E-01   5.2864E-01  0.000E+00
 Twiss_P19_FinalFive[3]   6@M19Q13[K1]                        80.75     -6.0000E-01  -1.5133E-01  0.000E+00
 Twiss_P19_FinalFive[2]   6@M19Q12[K1]                        79.75     -6.0000E-01  -1.9480E-01  0.000E+00
 Twiss_P19_FinalFive[1]   6@M19Q11[K1]                        78.75     -6.0000E-01  -2.5119E-02  0.000E+00
 Twiss_P19_MiddleFive[5]  6@M19Q10[K1]                        74.75      6.0000E-01   5.6980E-02  0.000E+00
 Twiss_P19_MiddleFive[4]  6@M19Q9[K1]                         73.75     -6.0000E-01  -5.8457E-02  0.000E+00
 Twiss_P19_MiddleFive[3]  6@M19Q8[K1]                         63.81     -6.0000E-01  -3.1218E-02  0.000E+00
 Constraints                            Ref_Ele    Start_Ele   Ele/S    Meas-or-Lim    Model       Merit      Max_Loc
 
  figure of merit: 1.295704E-18
 
 List of non-zero contributors to the Merit Function:
 Name                                          Merit           Sigma [= sqrt(Chi^2/N)]
 Optics.Twiss                                  1.2957E-18      8.0489E-15
