 M15Q1[K1] =  1.74051099272536730E-001   ! Not used in optimizing
 M15Q2[K1] = -5.99999999999999978E-001   ! Not used in optimizing
 M15Q3[K1] =  1.75608490951508545E-001   ! Not used in optimizing
 M15Q4[K1] =  4.15437055491075652E-002   ! Not used in optimizing
 M15Q5[K1] = -1.11760985687141809E-001   ! Not used in optimizing
 M15Q6[K1] =  9.86670241512156571E-002   ! Not used in optimizing
 M15Q7[K1] = -2.84059576270177458E-002   ! Not used in optimizing
 M15Q8[K1] = -3.03571358997170304E-001   ! Not used in optimizing
 M15Q9[K1] =  4.76126762768350809E-001   ! Not used in optimizing
 M15Q10[K1] = -2.98734467584435170E-001   ! Not used in optimizing
 
 end_file
 
 
 ! Top 10
 
 Constraints                          Ref_Ele    Start_Ele   Ele/S    Meas-or-Lim    Model       Merit      Max_Loc
 1@Optics[2]            1@lat::beta.b[END] <target>                    6.5151E+00   6.5151E+00  6.390E-19
 1@Optics[1]            1@lat::beta.a[END] <target>                    4.1573E+00   4.1573E+00  3.155E-20
 1@Optics[5]            1@lat::eta.a[END] <target>                     2.7207E-02   2.7207E-02  6.094E-23
 1@Optics[4]            1@lat::alpha.b[END] <target>                  -3.1896E+00  -3.1896E+00  4.930E-24
 1@Optics[6]            1@lat::etap.a[END] <target>                   -1.9785E-02  -1.9785E-02  2.438E-24
 1@Optics[3]            1@lat::alpha.a[END] <target>                   3.0489E+00   3.0489E+00  1.972E-25
 1@Optics[9]            beta.a <max>            BEGINNING   END        7.0000E+02   4.6391E+02  0.000E+00  D910#11
 1@Optics[10]           beta.b <max>            BEGINNING   END        7.0000E+02   7.0000E+02  0.000E+00  M9Q16
 Twiss_P9_FirstFive[1]  1@M9Q1[K1]                          20.66      6.0000E-01   4.2606E-01  0.000E+00
 Twiss_P9_FirstFive[2]  1@M9Q2[K1]                          24.16     -6.0000E-01  -4.2469E-01  0.000E+00
 Constraints                          Ref_Ele    Start_Ele   Ele/S    Meas-or-Lim    Model       Merit      Max_Loc
 
  figure of merit: 6.706003E-19
 
 List of non-zero contributors to the Merit Function:
 Name                                          Merit           Sigma [= sqrt(Chi^2/N)]
 Optics.Twiss                                  6.7060E-19      3.4836E-15
