 M19Q1[K1] =  7.02698317430285879E-002   ! Not used in optimizing
 M19Q2[K1] = -3.48423242430615579E-002   ! Not used in optimizing
 M19Q3[K1] = -3.35471872808387125E-002   ! Not used in optimizing
 M19Q4[K1] =  2.43430594268051600E-003   ! Not used in optimizing
 M19Q5[K1] =  5.41872272328222451E-002   ! Not used in optimizing
 M19Q6[K1] =  7.29525051531251523E-002   ! Not used in optimizing
 M19Q7[K1] =  4.65209766278330480E-003   ! Not used in optimizing
 M19Q8[K1] = -3.21634973988096512E-002   ! Not used in optimizing
 M19Q9[K1] = -5.68815954705549701E-002   ! Not used in optimizing
 M19Q10[K1] =  5.82869824150214558E-002   ! Not used in optimizing
 M19Q11[K1] = -2.35474932495768757E-002   ! Not used in optimizing
 M19Q12[K1] = -1.93160817741857588E-001   ! Not used in optimizing
 M19Q13[K1] = -1.50392292074937345E-001   ! Not used in optimizing
 M19Q14[K1] =  5.23034767870636519E-001   ! Not used in optimizing
 M19Q15[K1] = -6.77845431141423926E-002   ! Not used in optimizing
 
 end_file
 
 
 ! Top 10
 
 Constraints                            Ref_Ele    Start_Ele   Ele/S    Meas-or-Lim    Model       Merit      Max_Loc
 4@Optics[32]             4@lat::beta.b[END] <target>                    1.1607E+01   1.1607E+01  8.078E-18
 4@Optics[31]             4@lat::beta.a[END] <target>                    1.5386E+00   1.5386E+00  5.966E-20
 Twiss_P15_FinalThree[3]  4@M15Q10[K1]                        76.62     -6.0000E-01  -2.9787E-01  0.000E+00
 Twiss_P15_FinalThree[2]  4@M15Q9[K1]                         72.70      6.0000E-01   4.7710E-01  0.000E+00
 Twiss_P15_FinalThree[1]  4@M15Q8[K1]                         68.11     -6.0000E-01  -3.0621E-01  0.000E+00
 Twiss_P15_MiddleFour[4]  4@M15Q7[K1]                         63.04     -6.0000E-01  -2.7389E-02  0.000E+00
 Twiss_P15_MiddleFour[3]  4@M15Q6[K1]                         62.04      6.0000E-01   1.0091E-01  0.000E+00
 Twiss_P15_MiddleFour[2]  4@M15Q5[K1]                         54.05     -6.0000E-01  -1.2442E-01  0.000E+00
 Twiss_P15_MiddleFour[1]  4@M15Q4[K1]                         48.36      6.0000E-01   5.2870E-02  0.000E+00
 4@Optics[40]             beta.b <max>            BEGINNING   END        7.0000E+02   7.0000E+02  0.000E+00  D1507#2
 Constraints                            Ref_Ele    Start_Ele   Ele/S    Meas-or-Lim    Model       Merit      Max_Loc
 
  figure of merit: 8.137593E-18
 
 List of non-zero contributors to the Merit Function:
 Name                                          Merit           Sigma [= sqrt(Chi^2/N)]
 Optics.Twiss                                  8.1376E-18      2.0171E-14
