 M19Q1[K1] =  1.06969818542452105E-001   ! Not used in optimizing
 M19Q2[K1] =  5.40666946800782075E-002   ! Not used in optimizing
 M19Q3[K1] = -1.46345577403021843E-001   ! Not used in optimizing
 M19Q4[K1] = -1.31665433515881919E-001   ! Not used in optimizing
 M19Q5[K1] =  1.89716785554002926E-001   ! Not used in optimizing
 M19Q6[K1] =  5.99999999999999978E-001   ! Not used in optimizing
 M19Q7[K1] =  3.16562965330288049E-001   ! Not used in optimizing
 M19Q8[K1] = -5.28446634093130752E-001   ! Not used in optimizing
 M19Q9[K1] = -5.95212062860169921E-001   ! Not used in optimizing
 M19Q10[K1] =  5.86507064770175890E-001   ! Not used in optimizing
 M19Q11[K1] =  5.99999999999999978E-001   ! Not used in optimizing
 M19Q12[K1] = -2.65280579065232003E-001   ! Not used in optimizing
 M19Q13[K1] = -5.05728139185848247E-001   ! Not used in optimizing
 M19Q14[K1] =  5.99999999999999978E-001   ! Not used in optimizing
 M19Q15[K1] = -2.64547250133418843E-001   ! Not used in optimizing
 
 end_file
 
 
 ! Top 10
 
 Constraints                            Ref_Ele    Start_Ele   Ele/S    Meas-or-Lim    Model       Merit      Max_Loc
 1@Optics[1]              1@lat::beta.a[END] <target>                    6.6586E-01   6.6586E-01  2.496E-19
 1@Optics[2]              1@lat::beta.b[END] <target>                    1.2039E+01   1.2039E+01  3.155E-20
 1@Optics[3]              1@lat::alpha.a[END] <target>                   4.3124E-05   4.3124E-05  2.189E-21
 1@Optics[5]              1@lat::eta.a[END] <target>                    -7.8352E-03  -7.8352E-03  1.472E-21
 1@Optics[6]              1@lat::etap.a[END] <target>                    4.3951E-08   4.3951E-08  8.501E-23
 1@Optics[4]              1@lat::alpha.b[END] <target>                  -1.1741E-04  -1.1741E-04  4.283E-24
 1@Optics[9]              beta.a <max>            BEGINNING   END        7.0000E+02   7.0000E+02  0.000E+00  M9Q16
 1@Optics[10]             beta.b <max>            BEGINNING   END        7.0000E+02   2.0685E+02  0.000E+00  D908#2
 Twiss_P9_MiddleSeven[1]  1@M9Q6[K1]                          40.36     -6.0000E-01  -9.6871E-02  0.000E+00
 Twiss_P9_MiddleSeven[2]  1@M9Q7[K1]                          41.36      6.0000E-01   5.2425E-01  0.000E+00
 Constraints                            Ref_Ele    Start_Ele   Ele/S    Meas-or-Lim    Model       Merit      Max_Loc
 
  figure of merit: 2.849060E-19
 
 List of non-zero contributors to the Merit Function:
 Name                                          Merit           Sigma [= sqrt(Chi^2/N)]
 Optics.Twiss                                  2.8491E-19      1.9310E-14
