 M19Q1[K1] = -4.81930159792583135E-001
 M19Q2[K1] =  5.78372500784713583E-001
 M19Q3[K1] =  1.21051524477355205E-001
 M19Q4[K1] = -1.30982163962969217E-001
 M19Q5[K1] = -1.18158622612506620E-001
 M19Q6[K1] =  5.99999999999999978E-001
 M19Q7[K1] =  3.91877918235270017E-001
 M19Q8[K1] = -5.78313916435680975E-001
 M19Q9[K1] = -4.76791771682629983E-001
 M19Q10[K1] =  4.52882608279629117E-001
 M19Q11[K1] =  5.50000000000000044E-001
 M19Q12[K1] = -5.50000000000000044E-001
 M19Q13[K1] =  1.36086083807548414E-001
 M19Q14[K1] =  5.50000000000000044E-001
 M19Q15[K1] = -4.59818779612849893E-001
 
 end_file
 
 
 ! Top 10
 
 Constraints                           Ref_Ele    Start_Ele   Ele/S    Meas-or-Lim    Model       Merit      Max_Loc
 6@Optics[52]            6@lat::beta.b[END] <target>                    2.2819E+01   2.2819E+01  4.544E-18
 6@Optics[51]            6@lat::beta.a[END] <target>                    1.6824E+00   1.6824E+00  2.848E-18
 6@Optics[55]            6@lat::eta.a[END] <target>                     7.2865E-02   7.2865E-02  4.391E-22
 6@Optics[53]            6@lat::alpha.a[END] <target>                   2.6113E-05   2.6113E-05  5.525E-23
 6@Optics[54]            6@lat::alpha.b[END] <target>                  -2.2893E-04  -2.2893E-04  1.274E-23
 6@Optics[56]            6@lat::etap.a[END] <target>                   -7.6926E-07  -7.6926E-07  7.236E-24
 6@Optics[59]            beta.a <max>            BEGINNING   END        7.0000E+02   2.9888E+02  0.000E+00  M19Q2
 6@Optics[60]            beta.b <max>            BEGINNING   END        7.0000E+02   2.7170E+02  0.000E+00  MCB4B
 Twiss_P19_FirstFive[1]  6@M19Q1[K1]                         33.36     -6.0000E-01  -4.8193E-01  0.000E+00
 Twiss_P19_FirstFive[2]  6@M19Q2[K1]                         33.96      6.0000E-01   5.7837E-01  0.000E+00
 Constraints                           Ref_Ele    Start_Ele   Ele/S    Meas-or-Lim    Model       Merit      Max_Loc
 
  figure of merit: 7.392141E-18
 
 List of non-zero contributors to the Merit Function:
 Name                                          Merit           Sigma [= sqrt(Chi^2/N)]
 Optics.Twiss                                  7.3921E-18      1.1630E-14
