 M17Q1[K1] = -1.81290967374040074E-001   ! Not used in optimizing
 M17Q2[K1] = -5.99999999999998868E-001   ! Not used in optimizing
 M17Q3[K1] =  4.43469255590222433E-001   ! Not used in optimizing
 M17Q4[K1] =  1.26628515876829384E-001   ! Not used in optimizing
 M17Q5[K1] =  4.83999572275373366E-002   ! Not used in optimizing
 M17Q6[K1] = -6.89681250384663741E-002   ! Not used in optimizing
 M17Q7[K1] =  1.43446966779587043E-001   ! Not used in optimizing
 M17Q8[K1] = -3.55001679791406274E-007   ! Not used in optimizing
 M17Q9[K1] = -2.73039782863798264E-001   ! Not used in optimizing
 M17Q10[K1] = -2.58334755133786398E-003   ! Not used in optimizing
 M17Q11[K1] = -1.66245438802680029E-001   ! Not used in optimizing
 M17Q12[K1] =  4.17248687128561169E-001   ! Not used in optimizing
 M17Q13[K1] =  3.81723946163086025E-001   ! Not used in optimizing
 M17Q14[K1] = -5.99999999999998201E-001   ! Not used in optimizing
 
 end_file
 
 
 ! Top 10
 
 Constraints                           Ref_Ele    Start_Ele   Ele/S    Meas-or-Lim    Model       Merit      Max_Loc
 2@Optics[12]            2@lat::beta.b[END] <target>                    6.4768E+00   6.4768E+00  9.664E-18
 2@Optics[11]            2@lat::beta.a[END] <target>                    2.9506E+00   2.9506E+00  3.994E-18
 2@Optics[15]            2@lat::eta.a[END] <target>                     4.5700E-02   4.5700E-02  7.889E-23
 2@Optics[14]            2@lat::alpha.b[END] <target>                  -3.0366E+00  -3.0366E+00  2.840E-23
 2@Optics[16]            2@lat::etap.a[END] <target>                   -2.6400E-02  -2.6400E-02  2.123E-24
 2@Optics[13]            2@lat::alpha.a[END] <target>                   1.8215E+00   1.8215E+00  1.775E-24
 2@Optics[20]            beta.b <max>            BEGINNING   END        7.0000E+02   7.0000E+02  3.231E-25  D1105#5
 2@Optics[19]            beta.a <max>            BEGINNING   END        7.0000E+02   2.9197E+02  0.000E+00  M11Q14
 Twiss_P11_FirstFour[1]  2@M11Q1[K1]                         32.11      6.0000E-01   2.9366E-01  0.000E+00
 Twiss_P11_FirstFour[2]  2@M11Q2[K1]                         36.36     -6.0000E-01  -2.1573E-01  0.000E+00
 Constraints                           Ref_Ele    Start_Ele   Ele/S    Meas-or-Lim    Model       Merit      Max_Loc
 
  figure of merit: 1.365727E-17
 
 List of non-zero contributors to the Merit Function:
 Name                                          Merit           Sigma [= sqrt(Chi^2/N)]
 Optics.Twiss                                  1.3657E-17      2.1531E-13
