 M15Q1[K1] =  1.74051159386590493E-001   ! Not used in optimizing
 M15Q2[K1] = -5.99999554608545482E-001   ! Not used in optimizing
 M15Q3[K1] =  1.75608467296935661E-001   ! Not used in optimizing
 M15Q4[K1] =  4.15437467965766999E-002   ! Not used in optimizing
 M15Q5[K1] = -1.11760969491069229E-001   ! Not used in optimizing
 M15Q6[K1] =  9.86670527634047612E-002   ! Not used in optimizing
 M15Q7[K1] = -2.84059481172746278E-002   ! Not used in optimizing
 M15Q8[K1] = -3.03571400418899573E-001   ! Not used in optimizing
 M15Q9[K1] =  4.76126741596668956E-001   ! Not used in optimizing
 M15Q10[K1] = -2.98734474097640423E-001   ! Not used in optimizing
 
 end_file
 
 
 ! Top 10
 
 Constraints                            Ref_Ele    Start_Ele   Ele/S    Meas-or-Lim    Model       Merit      Max_Loc
 1@Optics[2]              1@lat::beta.b[END] <target>                    1.2039E+01   1.2039E+01  8.207E-17
 1@Optics[8]              1@lat::r.56[END] <target>                     -7.0886E-02  -7.0886E-02  3.775E-17
 1@Optics[1]              1@lat::beta.a[END] <target>                    6.6586E-01   6.6586E-01  2.496E-19
 1@Optics[9]              beta.a <max>            BEGINNING   END        7.0000E+02   7.0000E+02  0.000E+00  M9Q16
 1@Optics[10]             beta.b <max>            BEGINNING   END        7.0000E+02   1.3102E+02  0.000E+00  M9Q14
 Twiss_P9_MiddleSeven[1]  1@M9Q6[K1]                          40.36     -6.0000E-01  -4.2369E-01  0.000E+00
 Twiss_P9_MiddleSeven[2]  1@M9Q7[K1]                          41.36      6.0000E-01   1.3917E-01  0.000E+00
 Twiss_P9_MiddleSeven[3]  1@M9Q8[K1]                          46.66      6.0000E-01   4.9869E-01  0.000E+00
 Twiss_P9_MiddleSeven[4]  1@M9Q9[K1]                          51.66     -6.0000E-01  -3.0678E-01  0.000E+00
 Twiss_P9_MiddleSeven[6]  1@M9Q11[K1]                         57.28      6.0000E-01   4.9884E-01  0.000E+00
 Constraints                            Ref_Ele    Start_Ele   Ele/S    Meas-or-Lim    Model       Merit      Max_Loc
 
  figure of merit: 1.200709E-16
 
 List of non-zero contributors to the Merit Function:
 Name                                          Merit           Sigma [= sqrt(Chi^2/N)]
 Optics.Twiss                                  1.2007E-16      5.2384E-14
