 M17Q1[K1] =  2.01174962009045277E-001
 M17Q2[K1] = -8.36754690166133380E-002
 M17Q3[K1] = -7.21100280548706285E-002
 M17Q4[K1] = -6.96946734426789061E-002
 M17Q5[K1] =  4.60552295654463650E-001
 M17Q6[K1] = -4.18635491852895170E-001
 M17Q7[K1] =  3.70077187595684032E-001
 M17Q8[K1] = -1.35398133551778281E-003
 M17Q9[K1] = -1.29011573185512457E-001
 M17Q10[K1] = -1.15954869877121586E-001
 M17Q11[K1] =  1.42660026496652631E-001
 M17Q12[K1] =  2.01529009911753959E-001
 M17Q13[K1] =  6.79246781181098019E-002
 M17Q14[K1] = -7.08534448468651212E-002
 
 end_file
 
 
 ! Top 10
 
 Constraints                          Ref_Ele    Start_Ele   Ele/S    Meas-or-Lim    Model       Merit      Max_Loc
 5@Optics[42]           5@lat::beta.b[END] <target>                    1.4063E+01   1.4063E+01  1.818E-17
 5@Optics[48]           5@lat::r.56[END] <target>                      2.4233E-01   2.4233E-01  7.704E-19
 5@Optics[41]           5@lat::beta.a[END] <target>                    1.6261E+00   1.6261E+00  3.865E-19
 5@Optics[43]           5@lat::alpha.a[END] <target>                   2.5401E-05   2.5401E-05  4.689E-23
 5@Optics[44]           5@lat::alpha.b[END] <target>                  -1.3987E-04  -1.3987E-04  2.454E-23
 5@Optics[49]           beta.a <max>            BEGINNING   END        7.0000E+02   2.4720E+02  0.000E+00  D1710#5
 5@Optics[50]           beta.b <max>            BEGINNING   END        7.0000E+02   6.0681E+02  0.000E+00  M17Q6
 Twiss_P17_FirstSix[1]  5@M17Q1[K1]                         36.56      6.0000E-01   2.0117E-01  0.000E+00
 Twiss_P17_FirstSix[2]  5@M17Q2[K1]                         37.36     -6.0000E-01  -8.3675E-02  0.000E+00
 Twiss_P17_FirstSix[3]  5@M17Q3[K1]                         38.16     -6.0000E-01  -7.2110E-02  0.000E+00
 Constraints                          Ref_Ele    Start_Ele   Ele/S    Meas-or-Lim    Model       Merit      Max_Loc
 
  figure of merit: 1.933234E-17
 
 List of non-zero contributors to the Merit Function:
 Name                                          Merit           Sigma [= sqrt(Chi^2/N)]
 Optics.Twiss                                  1.9332E-17      1.9635E-14
