 M19Q1[K1] = -4.81930159792583135E-001   ! Not used in optimizing
 M19Q2[K1] =  5.78372500784713583E-001   ! Not used in optimizing
 M19Q3[K1] =  1.21051524477355205E-001   ! Not used in optimizing
 M19Q4[K1] = -1.30982163962969217E-001   ! Not used in optimizing
 M19Q5[K1] = -1.18158622612506620E-001   ! Not used in optimizing
 M19Q6[K1] =  5.99999999999999978E-001   ! Not used in optimizing
 M19Q7[K1] =  3.91877918235270017E-001   ! Not used in optimizing
 M19Q8[K1] = -5.78313916435680975E-001   ! Not used in optimizing
 M19Q9[K1] = -4.76791771682629983E-001   ! Not used in optimizing
 M19Q10[K1] =  4.52882608279629117E-001   ! Not used in optimizing
 M19Q11[K1] =  5.50000000000000044E-001   ! Not used in optimizing
 M19Q12[K1] = -5.50000000000000044E-001   ! Not used in optimizing
 M19Q13[K1] =  1.36086083807548414E-001   ! Not used in optimizing
 M19Q14[K1] =  5.50000000000000044E-001   ! Not used in optimizing
 M19Q15[K1] = -4.59818779612849893E-001   ! Not used in optimizing
 
 end_file
 
 
 ! Top 10
 
 Constraints                           Ref_Ele    Start_Ele   Ele/S    Meas-or-Lim    Model       Merit      Max_Loc
 2@Optics[12]            2@lat::beta.b[END] <target>                    1.0662E+01   1.0662E+01  2.300E-17
 2@Optics[11]            2@lat::beta.a[END] <target>                    1.1641E+00   1.1641E+00  1.008E-17
 2@Optics[18]            2@lat::r.56[END] <target>                      4.4694E-02   4.4694E-02  1.204E-18
 2@Optics[14]            2@lat::alpha.b[END] <target>                  -1.0407E-04  -1.0407E-04  1.351E-23
 2@Optics[13]            2@lat::alpha.a[END] <target>                   2.6829E-05   2.6829E-05  2.228E-24
 2@Optics[19]            beta.a <max>            BEGINNING   END        7.0000E+02   1.8362E+02  0.000E+00  BEGINNING
 2@Optics[20]            beta.b <max>            BEGINNING   END        7.0000E+02   5.9605E+02  0.000E+00  D1103#2
 Twiss_P11_FirstFour[1]  2@M11Q1[K1]                         32.11      6.0000E-01   1.3495E-01  0.000E+00
 Twiss_P11_FirstFour[2]  2@M11Q2[K1]                         36.36     -6.0000E-01  -2.2371E-04  0.000E+00
 Twiss_P11_FirstFour[3]  2@M11Q3[K1]                         37.36      6.0000E-01   2.4167E-01  0.000E+00
 Constraints                           Ref_Ele    Start_Ele   Ele/S    Meas-or-Lim    Model       Merit      Max_Loc
 
  figure of merit: 3.428904E-17
 
 List of non-zero contributors to the Merit Function:
 Name                                          Merit           Sigma [= sqrt(Chi^2/N)]
 Optics.Twiss                                  3.4289E-17      2.5785E-14
