 M11Q1[K1] = -7.89647341902997568E-002   ! Not used in optimizing
 M11Q2[K1] = -2.09589941146538089E-001   ! Not used in optimizing
 M11Q3[K1] =  2.66880563262820891E-001   ! Not used in optimizing
 M11Q4[K1] =  3.19764324670205435E-001   ! Not used in optimizing
 M11Q5[K1] = -5.99999999999999978E-001   ! Not used in optimizing
 M11Q6[K1] = -8.99315082448209069E-002   ! Not used in optimizing
 M11Q7[K1] = -9.18185445314197018E-002   ! Not used in optimizing
 M11Q8[K1] = -5.98783624445835688E-002   ! Not used in optimizing
 M11Q9[K1] =  2.94654518408828184E-002   ! Not used in optimizing
 M11Q10[K1] = -1.80047399965761329E-001   ! Not used in optimizing
 M11Q11[K1] = -2.31363621892296228E-001   ! Not used in optimizing
 M11Q12[K1] = -1.08835461892848068E-001   ! Not used in optimizing
 M11Q13[K1] =  9.43685684686189075E-002   ! Not used in optimizing
 M11Q14[K1] =  4.20843118847738784E-001   ! Not used in optimizing
 
 end_file
 
 
 ! Top 10
 
 Constraints                            Ref_Ele    Start_Ele   Ele/S    Meas-or-Lim    Model       Merit      Max_Loc
 3@Optics[22]             3@lat::beta.b[END] <target>                    1.0669E+01   1.0669E+01  3.155E-18
 3@Optics[21]             3@lat::beta.a[END] <target>                    1.3998E+00   1.3998E+00  7.889E-21
 3@Optics[28]             3@lat::r.56[END] <target>                      1.2809E-01   1.2809E-01  0.000E+00
 3@Optics[29]             beta.a <max>            BEGINNING   END        7.0000E+02   6.7114E+02  0.000E+00  D1308#5
 3@Optics[30]             beta.b <max>            BEGINNING   END        7.0000E+02   7.0000E+02  0.000E+00  M13Q4
 Twiss_P13_FirstFour[1]   3@M13Q1[K1]                         34.16     -6.0000E-01  -5.5373E-01  0.000E+00
 Twiss_P13_FirstFour[2]   3@M13Q2[K1]                         35.16     -6.0000E-01  -1.1665E-01  0.000E+00
 Twiss_P13_FirstFour[4]   3@M13Q4[K1]                         50.55     -6.0000E-01  -3.7579E-01  0.000E+00
 Twiss_P13_FirstFour[3]   3@M13Q3[K1]                         43.66      6.0000E-01   5.2537E-01  0.000E+00
 Twiss_P13_MiddleFour[2]  3@M13Q6[K1]                         59.66      6.0000E-01   2.6371E-01  0.000E+00
 Constraints                            Ref_Ele    Start_Ele   Ele/S    Meas-or-Lim    Model       Merit      Max_Loc
 
  figure of merit: 3.163332E-18
 
 List of non-zero contributors to the Merit Function:
 Name                                          Merit           Sigma [= sqrt(Chi^2/N)]
 Optics.Twiss                                  3.1633E-18      1.2576E-14
