 M13Q1[K1] = -5.53725273615538249E-001   ! Not used in optimizing
 M13Q2[K1] = -1.16645493530589131E-001   ! Not used in optimizing
 M13Q3[K1] =  5.25365339814451437E-001   ! Not used in optimizing
 M13Q4[K1] = -3.75794458485264493E-001   ! Not used in optimizing
 M13Q5[K1] = -1.96008123427012793E-001   ! Not used in optimizing
 M13Q6[K1] =  2.63707425199571133E-001   ! Not used in optimizing
 M13Q7[K1] =  3.29877817019828268E-001   ! Not used in optimizing
 M13Q8[K1] =  5.99999999999999978E-001   ! Not used in optimizing
 M13Q9[K1] = -5.53289185355050672E-001   ! Not used in optimizing
 M13Q10[K1] =  4.33260080284747995E-001   ! Not used in optimizing
 M13Q11[K1] =  5.87953759895524009E-001   ! Not used in optimizing
 M13Q12[K1] = -5.77226064101681202E-001   ! Not used in optimizing
 
 end_file
 
 
 ! Top 10
 
 Constraints                            Ref_Ele    Start_Ele   Ele/S    Meas-or-Lim    Model       Merit      Max_Loc
 6@Optics[52]             6@lat::beta.b[END] <target>                    2.2819E+01   2.2819E+01  1.136E-18
 6@Optics[51]             6@lat::beta.a[END] <target>                    1.6824E+00   1.6824E+00  1.597E-19
 Twiss_P19_FinalFive[5]   6@M19Q15[K1]                        87.75     -6.0000E-01  -6.3487E-02  0.000E+00
 Twiss_P19_FinalFive[4]   6@M19Q14[K1]                        86.75      6.0000E-01   5.2864E-01  0.000E+00
 Twiss_P19_FinalFive[3]   6@M19Q13[K1]                        80.75     -6.0000E-01  -1.5133E-01  0.000E+00
 Twiss_P19_FinalFive[2]   6@M19Q12[K1]                        79.75     -6.0000E-01  -1.9480E-01  0.000E+00
 Twiss_P19_FinalFive[1]   6@M19Q11[K1]                        78.75     -6.0000E-01  -2.5119E-02  0.000E+00
 Twiss_P19_MiddleFive[5]  6@M19Q10[K1]                        74.75      6.0000E-01   5.6980E-02  0.000E+00
 Twiss_P19_MiddleFive[4]  6@M19Q9[K1]                         73.75     -6.0000E-01  -5.8457E-02  0.000E+00
 Twiss_P19_MiddleFive[3]  6@M19Q8[K1]                         63.81     -6.0000E-01  -3.1218E-02  0.000E+00
 Constraints                            Ref_Ele    Start_Ele   Ele/S    Meas-or-Lim    Model       Merit      Max_Loc
 
  figure of merit: 1.295704E-18
 
 List of non-zero contributors to the Merit Function:
 Name                                          Merit           Sigma [= sqrt(Chi^2/N)]
 Optics.Twiss                                  1.2957E-18      8.0489E-15
