 M15Q1[K1] =  1.28344119009142554E-001   ! Not used in optimizing
 M15Q2[K1] = -3.72591868430056372E-001   ! Not used in optimizing
 M15Q3[K1] =  3.26064672368242436E-001   ! Not used in optimizing
 M15Q4[K1] = -2.38223934431941092E-001   ! Not used in optimizing
 M15Q5[K1] = -4.19587969481819645E-001   ! Not used in optimizing
 M15Q6[K1] = -5.03386125402868409E-002   ! Not used in optimizing
 M15Q7[K1] =  3.66212741782739382E-001   ! Not used in optimizing
 M15Q8[K1] = -2.53253485685825015E-002   ! Not used in optimizing
 M15Q9[K1] = -5.99999999999999978E-001   ! Not used in optimizing
 M15Q10[K1] =  3.54207209264784773E-001   ! Not used in optimizing
 
 end_file
 
 
 ! Top 10
 
 Constraints                          Ref_Ele    Start_Ele   Ele/S    Meas-or-Lim    Model       Merit      Max_Loc
 5@Optics[42]           5@lat::beta.b[END] <target>                    1.4063E+01   1.4063E+01  1.818E-17
 5@Optics[48]           5@lat::r.56[END] <target>                      2.4233E-01   2.4233E-01  7.704E-19
 5@Optics[41]           5@lat::beta.a[END] <target>                    1.6261E+00   1.6261E+00  3.865E-19
 5@Optics[43]           5@lat::alpha.a[END] <target>                   2.5401E-05   2.5401E-05  4.689E-23
 5@Optics[44]           5@lat::alpha.b[END] <target>                  -1.3987E-04  -1.3987E-04  2.454E-23
 5@Optics[49]           beta.a <max>            BEGINNING   END        7.0000E+02   2.4720E+02  0.000E+00  D1710#5
 5@Optics[50]           beta.b <max>            BEGINNING   END        7.0000E+02   6.0681E+02  0.000E+00  M17Q6
 Twiss_P17_FirstSix[1]  5@M17Q1[K1]                         36.56      6.0000E-01   2.0117E-01  0.000E+00
 Twiss_P17_FirstSix[2]  5@M17Q2[K1]                         37.36     -6.0000E-01  -8.3675E-02  0.000E+00
 Twiss_P17_FirstSix[3]  5@M17Q3[K1]                         38.16     -6.0000E-01  -7.2110E-02  0.000E+00
 Constraints                          Ref_Ele    Start_Ele   Ele/S    Meas-or-Lim    Model       Merit      Max_Loc
 
  figure of merit: 1.933234E-17
 
 List of non-zero contributors to the Merit Function:
 Name                                          Merit           Sigma [= sqrt(Chi^2/N)]
 Optics.Twiss                                  1.9332E-17      1.9635E-14
