 M9Q1[K1] = -5.32274098266209972E-001   ! Not used in optimizing
 M9Q2[K1] =  5.93474902135603499E-001   ! Not used in optimizing
 M9Q3[K1] = -6.19367561399890437E-002   ! Not used in optimizing
 M9Q4[K1] = -3.72192989534505081E-001   ! Not used in optimizing
 M9Q5[K1] = -2.31644524548844183E-001   ! Not used in optimizing
 M9Q6[K1] = -4.23686895220148907E-001
 M9Q7[K1] =  1.39166816959974571E-001
 M9Q8[K1] =  4.98690845425832030E-001
 M9Q9[K1] = -3.06775386338723477E-001
 M9Q10[K1] = -1.84125990175904530E-001
 M9Q11[K1] =  4.98839964117238244E-001
 M9Q12[K1] =  4.63261069784327240E-001
 M9Q13[K1] =  6.41839409790200821E-002
 M9Q14[K1] = -5.70599195045216390E-001
 M9Q15[K1] = -1.05139688994732111E-001
 M9Q16[K1] =  5.46873580903748047E-001
 M9Q17[K1] = -4.22309943881147343E-001
 M9Q18[K1] =  3.26170523265798762E-001
 M9Q19[K1] =  5.52011739946439928E-001
 M9Q20[K1] = -5.33578189779259748E-001
 
 end_file
 
 
 ! Top 10
 
 Constraints                            Ref_Ele    Start_Ele   Ele/S    Meas-or-Lim    Model       Merit      Max_Loc
 1@Optics[2]              1@lat::beta.b[END] <target>                    1.2039E+01   1.2039E+01  8.207E-17
 1@Optics[8]              1@lat::r.56[END] <target>                     -7.0886E-02  -7.0886E-02  3.775E-17
 1@Optics[1]              1@lat::beta.a[END] <target>                    6.6586E-01   6.6586E-01  2.496E-19
 1@Optics[9]              beta.a <max>            BEGINNING   END        7.0000E+02   7.0000E+02  0.000E+00  M9Q16
 1@Optics[10]             beta.b <max>            BEGINNING   END        7.0000E+02   1.3102E+02  0.000E+00  M9Q14
 Twiss_P9_MiddleSeven[1]  1@M9Q6[K1]                          40.36     -6.0000E-01  -4.2369E-01  0.000E+00
 Twiss_P9_MiddleSeven[2]  1@M9Q7[K1]                          41.36      6.0000E-01   1.3917E-01  0.000E+00
 Twiss_P9_MiddleSeven[3]  1@M9Q8[K1]                          46.66      6.0000E-01   4.9869E-01  0.000E+00
 Twiss_P9_MiddleSeven[4]  1@M9Q9[K1]                          51.66     -6.0000E-01  -3.0678E-01  0.000E+00
 Twiss_P9_MiddleSeven[6]  1@M9Q11[K1]                         57.28      6.0000E-01   4.9884E-01  0.000E+00
 Constraints                            Ref_Ele    Start_Ele   Ele/S    Meas-or-Lim    Model       Merit      Max_Loc
 
  figure of merit: 1.200709E-16
 
 List of non-zero contributors to the Merit Function:
 Name                                          Merit           Sigma [= sqrt(Chi^2/N)]
 Optics.Twiss                                  1.2007E-16      5.2384E-14
