 
 Constraints                                      Ref_Ele    Start_Ele   Ele/S    Meas-or-Lim    Model       Merit      Max_Loc
 1@ToF[1]           1@lat::time[END] <target>                                      3.1715E-07   3.1715E-07  0.000E+00
 1@ToF[2]           1@lat::orbit.x[END] <target>                                  -2.9080E-02  -2.9080E-02  1.378E-21
 1@ToF[3]           1@lat::floor.z[END] <target>                                   9.4900E+01   9.4860E+01  1.571E-01
 1@ToF[4]           2@lat::time[END] <target>                                      3.1714E-07   3.1714E-07  0.000E+00
 1@ToF[5]           2@lat::orbit.x[END] <target>                                  -2.5058E-02  -2.5058E-02  1.404E-21
 1@ToF[6]           2@lat::floor.z[END] <target>                                   9.4900E+01   9.4903E+01  8.273E-04
 1@ToF[7]           3@lat::time[END] <target>                                      3.1710E-07   3.1710E-07  0.000E+00
 1@ToF[8]           3@lat::orbit.x[END] <target>                                  -1.9204E-02  -1.9204E-02  2.390E-19
 1@ToF[9]           3@lat::floor.z[END] <target>                                   9.4900E+01   9.4930E+01  9.258E-02
 3@ToF[7]           3@lat::time[END] <target>                                      3.1710E-07   3.1710E-07  0.000E+00
 3@ToF[8]           3@lat::orbit.x[END] <target>                                  -1.9204E-02  -1.9204E-02  2.390E-19
 ToF_P9_Bends[1]    1@O_P9_TOF_B1[STRENGTH9_1]                                     0.0000E+00   4.9658E-01  0.000E+00
 ToF_P9_Bends[2]    1@O_P9_TOF_B2[STRENGTH9_2]                                     9.0000E-01   1.2002E+00  0.000E+00
 ToF_P9_Bends[3]    1@O_P9_TOF_B3[STRENGTH9_3]                                    -1.3000E+00  -1.4513E+00  0.000E+00
 ToF_P9_Bends[4]    1@O_P9_TOF_B4[STRENGTH9_4]                                     1.5000E+00   1.5006E+00  0.000E+00
 ToF_P9_Drifts[1]   1@O_P9_TOF_D1[LENGTH9_1]                                       3.1000E+00   2.8606E+00  0.000E+00
 ToF_P9_Drifts[2]   1@O_P9_TOF_D2[LENGTH9_2]                                       1.9800E+01   1.9765E+01  0.000E+00
 ToF_P9_Drifts[3]   1@O_P9_TOF_D3[LENGTH9_3]                                       7.3000E+00   7.3599E+00  0.000E+00
 ToF_P9_Drifts[4]   1@O_P9_TOF_D4[LENGTH9_4]                                       5.4000E+00   5.3790E+00  0.000E+00
 ToF_P11_Bends[1]   2@O_P11_TOF_B1[STRENGTH11_1]                                  -1.5000E+00  -1.4960E+00  0.000E+00
 ToF_P11_Bends[2]   2@O_P11_TOF_B2[STRENGTH11_2]                                   1.7000E+00   1.6705E+00  0.000E+00
 ToF_P11_Drifts[1]  2@O_P11_TOF_D1[LENGTH11_1]                                     9.0000E+00   9.0077E+00  0.000E+00
 ToF_P11_Drifts[2]  2@O_P11_TOF_D2[LENGTH11_2]                                     5.4000E+00   5.4990E+00  0.000E+00
 ToF_P11_Drifts[3]  2@O_P11_TOF_D3[LENGTH11_3]                                     1.0100E+01   9.9466E+00  0.000E+00
 ToF_P11_Drifts[4]  2@O_P11_TOF_D4[LENGTH11_4]                                     7.1000E+00   7.2304E+00  0.000E+00
 ToF_P11_Drifts[5]  2@O_P11_TOF_D5[LENGTH11_5]                                     9.5000E+00   9.3567E+00  0.000E+00
 ToF_P13_Bends[1]   3@O_P13_TOF_B1[STRENGTH13_1]                                  -1.7000E+00  -1.6977E+00  0.000E+00
 ToF_P13_Bends[2]   3@O_P13_TOF_B2[STRENGTH13_2]                                   1.7000E+00   1.6774E+00  0.000E+00
 ToF_P13_Drifts[1]  3@O_P13_TOF_D1[LENGTH13_1]                                     3.8000E+00   3.8078E+00  0.000E+00
 ToF_P13_Drifts[2]  3@O_P13_TOF_D2[LENGTH13_2]                                     3.1000E+00   3.0876E+00  0.000E+00
 ToF_P13_Drifts[3]  3@O_P13_TOF_D3[LENGTH13_3]                                     5.3000E+00   5.0735E+00  0.000E+00
 ToF_P13_Drifts[4]  3@O_P13_TOF_D4[LENGTH13_4]                                     1.5000E+01   1.5249E+01  0.000E+00
 Constraints                                      Ref_Ele    Start_Ele   Ele/S    Meas-or-Lim    Model       Merit      Max_Loc
 
  figure of merit: 2.505386E-01
