 M15Q1[K1] =  1.74051099272536730E-001   ! Not used in optimizing
 M15Q2[K1] = -5.99999999999999978E-001   ! Not used in optimizing
 M15Q3[K1] =  1.75608490951508545E-001   ! Not used in optimizing
 M15Q4[K1] =  4.15437055491075652E-002   ! Not used in optimizing
 M15Q5[K1] = -1.11760985687141809E-001   ! Not used in optimizing
 M15Q6[K1] =  9.86670241512156571E-002   ! Not used in optimizing
 M15Q7[K1] = -2.84059576270177458E-002   ! Not used in optimizing
 M15Q8[K1] = -3.03571358997170304E-001   ! Not used in optimizing
 M15Q9[K1] =  4.76126762768350809E-001   ! Not used in optimizing
 M15Q10[K1] = -2.98734467584435170E-001   ! Not used in optimizing
 
 end_file
 
 
 ! Top 10
 
 Constraints                          Ref_Ele    Start_Ele   Ele/S    Meas-or-Lim    Model       Merit      Max_Loc
 5@Optics[56]           5@lat::etap.a[END] <target>                   -3.4901E-02   5.0860E-02  7.355E+05
 5@Optics[53]           5@lat::alpha.a[END] <target>                   1.3111E+00   8.9904E-01  1.698E+05
 5@Optics[54]           5@lat::alpha.b[END] <target>                  -4.5492E+00  -4.2207E+00  1.080E+05
 5@Optics[55]           5@lat::eta.a[END] <target>                     8.4147E-02   1.0620E-01  4.863E+04
 5@Optics[59]           beta.a <max>            BEGINNING   END        7.0000E+02   7.0030E+02  8.963E+02  M17Q4
 5@Optics[51]           5@lat::beta.a[END] <target>                    2.5213E+00   2.5213E+00  3.174E-02
 5@Optics[58]           5@lat::r.56[END] <target>                      2.4233E-01   2.4233E-01  1.241E-02
 5@Optics[52]           5@lat::beta.b[END] <target>                    1.0132E+01   1.0132E+01  6.754E-04
 5@Optics[60]           beta.b <max>            BEGINNING   END        7.0000E+02   4.8923E+02  0.000E+00  M17Q9
 Twiss_P17_FirstSix[1]  5@M17Q1[K1]                         36.56     -6.0000E-01  -1.8129E-01  0.000E+00
 Constraints                          Ref_Ele    Start_Ele   Ele/S    Meas-or-Lim    Model       Merit      Max_Loc
 
  figure of merit: 1.062762E+06
 
 List of non-zero contributors to the Merit Function:
 Name                                          Merit           Sigma [= sqrt(Chi^2/N)]
 Optics.Twiss                                  1.0628E+06      2.1657E-01
