 O_P11_TOF_B1[STRENGTH11_1] = -1.49225134978342178E+000   ! Not used in optimizing
 O_P11_TOF_B2[STRENGTH11_2] =  1.66527343231040725E+000   ! Not used in optimizing
 O_P11_TOF_D1[LENGTH11_1] =  9.00000000000000000E+000   ! Not used in optimizing
 O_P11_TOF_D2[LENGTH11_2] =  5.42167697621872779E+000   ! Not used in optimizing
 O_P11_TOF_D3[LENGTH11_3] =  9.88052311117433035E+000   ! Not used in optimizing
 O_P11_TOF_D4[LENGTH11_4] =  7.44650469947863591E+000   ! Not used in optimizing
 O_P11_TOF_D5[LENGTH11_5] =  9.29067757864110177E+000   ! Not used in optimizing
 
 end_file
 
 
 ! Top 10
 
 Constraints                                      Ref_Ele    Start_Ele   Ele/S    Meas-or-Lim    Model       Merit      Max_Loc
 4@ToF[11]          4@lat::floor.x[END] <target>                                  -1.1833E-02  -1.1833E-02  5.308E-23
 ToF_P15_Drifts[6]  4@O_P15_TOF_D6[LENGTH15_6]                                     1.8000E+01   1.8888E+01  0.000E+00
 ToF_P15_Drifts[5]  4@O_P15_TOF_D5[LENGTH15_5]                                     1.1000E+00   1.1905E+00  0.000E+00
 ToF_P15_Drifts[4]  4@O_P15_TOF_D4[LENGTH15_4]                                     1.7500E+00   1.9920E+00  0.000E+00
 ToF_P15_Drifts[3]  4@O_P15_TOF_D3[LENGTH15_3]                                     2.8000E+00   2.7536E+00  0.000E+00
 ToF_P15_Drifts[2]  4@O_P15_TOF_D2[LENGTH15_2]                                     2.2000E+01   2.2992E+01  0.000E+00
 ToF_P15_Drifts[1]  4@O_P15_TOF_D1[LENGTH15_1]                                     7.8000E+00   7.6904E+00  0.000E+00
 ToF_P15_Bends[3]   4@O_P15_TOF_B3[STRENGTH15_3]                                   1.7000E+00   1.5559E+00  0.000E+00
 ToF_P15_Bends[2]   4@O_P15_TOF_B2[STRENGTH15_2]                                  -1.7000E+00  -1.6998E+00  0.000E+00
 ToF_P15_Bends[1]   4@O_P15_TOF_B1[STRENGTH15_1]                                   1.7000E+00   1.7000E+00  0.000E+00
 Constraints                                      Ref_Ele    Start_Ele   Ele/S    Meas-or-Lim    Model       Merit      Max_Loc
 
  figure of merit: 5.308344E-23
 
 List of non-zero contributors to the Merit Function:
 Name                                          Merit           Sigma [= sqrt(Chi^2/N)]
 ToF.time                                      5.3083E-23      7.2858E-17
