 
 Constraints                         Ref_Ele    Start_Ele   Ele/S    Meas-or-Lim    Model       Merit      Max_Loc
 1@floor[1]  floor.theta <target>                          MK.END     1.5708E+00  -1.9543E-01  3.120E+02
 1@twiss[1]  beta.a <target>                               MK.END     6.5563E+00   2.7868E+00  1.421E+02
 1@twiss[2]  alpha.a <target>                              MK.END     0.0000E+00   2.4646E+00  6.074E+01
 1@twiss[3]  beta.b <target>                               MK.END     3.1018E+01   7.0899E+00  5.725E+03
 1@twiss[4]  alpha.b <target>                              MK.END     0.0000E+00  -3.6408E+00  1.326E+02
 1@twiss[5]  eta.x <target>                                MK.END     0.0000E+00   2.5289E-02  6.396E-02
 1@twiss[6]  etap.x <target>                               MK.END     0.0000E+00  -2.0839E-02  4.343E-02
 1@mid[1]    alpha.a <target>                              MK.END     0.0000E+00   2.4646E+00  6.074E+01
 1@mid[2]    alpha.b <target>                              MK.END     0.0000E+00  -3.6408E+00  1.326E+02
 1@mid[3]    etap.x <target>                               MK.END     0.0000E+00  -2.0839E-02  4.343E-02
 1@mid[4]    eta.x <target>                                MK.END     0.0000E+00   2.5289E-02  6.396E-02
 1@mid[5]    eta.x <abs_max>                   MK.BEG      MK.END     8.5000E-03   5.6080E-02  2.264E+01  BFC
 1@o[1]      orbit.px <target>                             MK.END     0.0000E+00   1.0078E-02  1.016E-02
 1@o[2]      orbit.x <target>                              MK.END     0.0000E+00  -2.2448E-02  5.039E-02
 1@o[3]      eta.x <target>                                MK.END     0.0000E+00   2.5289E-02  6.396E-02
 1@o[4]      etap.x <target>                               MK.END     0.0000E+00  -2.0839E-02  4.343E-02
 1@o[5]      orbit.x <abs_max>                 MK.BEG      MK.END     2.3700E-02   2.5629E-02  3.722E-03  BFC
 2@floor[1]  floor.theta <target>                          MK.END     1.5708E+00  -1.9543E-01  3.120E+02
 2@twiss[1]  beta.a <target>                               MK.END     4.8298E+00   2.2538E+00  6.636E+01
 2@twiss[2]  alpha.a <target>                              MK.END     0.0000E+00   1.6165E+00  2.613E+01
 2@twiss[3]  beta.b <target>                               MK.END     1.1348E+01   6.7001E+00  2.161E+02
 2@twiss[4]  alpha.b <target>                              MK.END     0.0000E+00  -3.3395E+00  1.115E+02
 2@twiss[5]  eta.x <target>                                MK.END     0.0000E+00   4.0418E-02  1.634E-01
 2@twiss[6]  etap.x <target>                               MK.END     0.0000E+00  -2.6422E-02  6.981E-02
 2@mid[1]    alpha.a <target>                              MK.END     0.0000E+00   1.6165E+00  2.613E+01
 2@mid[2]    alpha.b <target>                              MK.END     0.0000E+00  -3.3395E+00  1.115E+02
 2@mid[3]    etap.x <target>                               MK.END     0.0000E+00  -2.6422E-02  6.981E-02
 2@mid[4]    eta.x <target>                                MK.END     0.0000E+00   4.0418E-02  1.634E-01
 2@mid[5]    eta.x <abs_max>                   MK.BEG      MK.END     8.5000E-03   6.7380E-02  3.467E+01  BFC
 2@o[1]      orbit.px <target>                             MK.END     0.0000E+00   8.5304E-03  7.277E-03
 2@o[2]      orbit.x <target>                              MK.END     0.0000E+00  -1.8899E-02  3.572E-02
 2@o[3]      eta.x <target>                                MK.END     0.0000E+00   4.0418E-02  1.634E-01
 2@o[4]      etap.x <target>                               MK.END     0.0000E+00  -2.6422E-02  6.981E-02
 2@o[5]      orbit.x <abs_max>                 MK.BEG      MK.END     2.3700E-02   2.0203E-02  0.000E+00  PR_BF
 3@floor[1]  floor.theta <target>                          MK.END     1.5708E+00  -1.9543E-01  3.120E+02
 3@twiss[1]  beta.a <target>                               MK.END     4.4786E+00   2.1689E+00  5.335E+01
 3@twiss[2]  alpha.a <target>                              MK.END     0.0000E+00   1.4022E+00  1.966E+01
 3@twiss[3]  beta.b <target>                               MK.END     2.0841E+01   6.9297E+00  1.935E+03
 3@twiss[4]  alpha.b <target>                              MK.END     0.0000E+00  -3.3983E+00  1.155E+02
 3@twiss[5]  eta.x <target>                                MK.END     0.0000E+00   5.3097E-02  2.819E-01
 3@twiss[6]  etap.x <target>                               MK.END     0.0000E+00  -3.0174E-02  9.105E-02
 3@mid[1]    alpha.a <target>                              MK.END     0.0000E+00   1.4022E+00  1.966E+01
 3@mid[2]    alpha.b <target>                              MK.END     0.0000E+00  -3.3983E+00  1.155E+02
 3@mid[3]    etap.x <target>                               MK.END     0.0000E+00  -3.0174E-02  9.105E-02
 3@mid[4]    eta.x <target>                                MK.END     0.0000E+00   5.3097E-02  2.819E-01
 3@mid[5]    eta.x <abs_max>                   MK.BEG      MK.END     8.5000E-03   7.7001E-02  4.692E+01  BFC
 3@o[1]      orbit.px <target>                             MK.END     0.0000E+00   6.2792E-03  3.943E-03
 3@o[2]      orbit.x <target>                              MK.END     0.0000E+00  -1.3862E-02  1.922E-02
 3@o[3]      eta.x <target>                                MK.END     0.0000E+00   5.3097E-02  2.819E-01
 3@o[4]      etap.x <target>                               MK.END     0.0000E+00  -3.0174E-02  9.105E-02
 3@o[5]      orbit.x <abs_max>                 MK.BEG      MK.END     2.3700E-02   1.4691E-02  0.000E+00  PR_BF
 4@floor[1]  floor.theta <target>                          MK.END     1.5708E+00  -1.9543E-01  3.120E+02
 4@mid[1]    alpha.a <target>                              MK.END     0.0000E+00   1.2960E+00  1.680E+01
 4@mid[2]    alpha.b <target>                              MK.END     0.0000E+00  -3.6817E+00  1.355E+02
 4@mid[3]    etap.x <target>                               MK.END     0.0000E+00  -3.2431E-02  1.052E-01
 4@mid[4]    eta.x <target>                                MK.END     0.0000E+00   6.3832E-02  4.075E-01
 4@mid[5]    eta.x <abs_max>                   MK.BEG      MK.END     8.5000E-03   8.5232E-02  5.888E+01  BFC
 4@o[1]      orbit.px <target>                             MK.END     0.0000E+00   3.4350E-03  1.180E-03
 4@o[2]      orbit.x <target>                              MK.END     0.0000E+00  -7.5750E-03  5.738E-03
 4@o[3]      eta.x <target>                                MK.END     0.0000E+00   6.3832E-02  4.075E-01
 4@o[4]      etap.x <target>                               MK.END     0.0000E+00  -3.2431E-02  1.052E-01
 4@o[5]      orbit.x <abs_max>                 MK.BEG      MK.END     2.3700E-02   7.9741E-03  0.000E+00  BFA
 5@floor[1]  floor.theta <target>                          MK.END     1.5708E+00  -1.9543E-01  3.120E+02
 5@mid[1]    alpha.a <target>                              MK.END     0.0000E+00   1.2285E+00  1.509E+01
 5@mid[2]    alpha.b <target>                              MK.END     0.0000E+00  -4.2622E+00  1.817E+02
 5@mid[3]    etap.x <target>                               MK.END     0.0000E+00  -3.3455E-02  1.119E-01
 5@mid[4]    eta.x <target>                                MK.END     0.0000E+00   7.3007E-02  5.330E-01
 5@mid[5]    eta.x <abs_max>                   MK.BEG      MK.END     8.5000E-03   9.2320E-02  7.026E+01  BFC
 5@o[1]      orbit.px <target>                             MK.END     0.0000E+00   8.7322E-05  7.625E-07
 5@o[2]      orbit.x <target>                              MK.END     0.0000E+00  -2.3008E-04  5.294E-06
 5@o[3]      eta.x <target>                                MK.END     0.0000E+00   7.3007E-02  5.330E-01
 5@o[4]      etap.x <target>                               MK.END     0.0000E+00  -3.3455E-02  1.119E-01
 5@o[5]      orbit.x <abs_max>                 MK.BEG      MK.END     2.3700E-02   7.0308E-03  0.000E+00  BFC
 6@floor[1]  floor.theta <target>                          MK.END     1.5708E+00  -1.9543E-01  3.120E+02
 6@mid[1]    alpha.a <target>                              MK.END     0.0000E+00   1.1795E+00  1.391E+01
 6@mid[2]    alpha.b <target>                              MK.END     0.0000E+00  -5.5493E+00  3.079E+02
 6@mid[3]    etap.x <target>                               MK.END     0.0000E+00  -3.3455E-02  1.119E-01
 6@mid[4]    eta.x <target>                                MK.END     0.0000E+00   8.0902E-02  6.545E-01
 6@mid[5]    eta.x <abs_max>                   MK.BEG      MK.END     8.5000E-03   9.8465E-02  8.094E+01  BFC
 6@o[1]      orbit.px <target>                             MK.END     0.0000E+00  -3.6875E-03  1.360E-03
 6@o[2]      orbit.x <target>                              MK.END     0.0000E+00   8.0095E-03  6.415E-03
 6@o[3]      eta.x <target>                                MK.END     0.0000E+00   8.0902E-02  6.545E-01
 6@o[4]      etap.x <target>                               MK.END     0.0000E+00  -3.3455E-02  1.119E-01
 6@o[5]      orbit.x <abs_max>                 MK.BEG      MK.END     2.3700E-02   1.7275E-02  0.000E+00  BFC
 BF_fld[1]   [1:6]@BFA[DB_FIELD]                           1.54      -2.0000E+00  -1.2099E+00  0.000E+00
 BF_fld[2]   [1:6]@BFB[DB_FIELD]                           1.84      -2.0000E+00  -1.2099E+00  0.000E+00
 BF_fld[3]   [1:6]@BFC[DB_FIELD]                           2.14      -2.0000E+00  -1.2099E+00  0.000E+00
 BD_fld[1]   [1:6]@BDA[DB_FIELD]                           0.19      -6.5000E-01  -4.2762E-01  0.000E+00
 BD_fld[2]   [1:6]@BDB[DB_FIELD]                           0.38      -6.5000E-01  -4.2762E-01  0.000E+00
 BD_fld[3]   [1:6]@BDC[DB_FIELD]                           0.57      -6.5000E-01  -4.2762E-01  0.000E+00
 BF_grd[1]   [1:6]@BFA[B1_GRADIENT]                        1.54      -9.0000E+00  -4.2963E+01  0.000E+00
 BF_grd[2]   [1:6]@BFB[B1_GRADIENT]                        1.84      -9.0000E+00  -4.2963E+01  0.000E+00
 BF_grd[3]   [1:6]@BFC[B1_GRADIENT]                        2.14      -9.0000E+00  -4.2963E+01  0.000E+00
 BD_grd[1]   [1:6]@BDA[B1_GRADIENT]                        0.19       1.0000E+02   5.3786E+01  0.000E+00
 BD_grd[2]   [1:6]@BDB[B1_GRADIENT]                        0.38       1.0000E+02   5.3786E+01  0.000E+00
 BD_grd[3]   [1:6]@BDC[B1_GRADIENT]                        0.57       1.0000E+02   5.3786E+01  0.000E+00
 Constraints                         Ref_Ele    Start_Ele   Ele/S    Meas-or-Lim    Model       Merit      Max_Loc
 
  figure of merit: 1.193386E+04
