 
 Constraints                            Ref_Ele    Start_Ele   Ele/S    Meas-or-Lim    Model       Merit      Max_Loc
 6@Optics[61]             6@lat::beta.a[END] <target>                    2.4552E+00   2.4552E+00  1.943E+01
 6@Optics[62]             6@lat::beta.b[END] <target>                    1.6840E+01   1.6840E+01  4.642E+02
 6@Optics[63]             6@lat::alpha.a[END] <target>                   1.2471E+00   5.9516E-01  4.250E+07
 6@Optics[64]             6@lat::alpha.b[END] <target>                  -7.5245E+00  -5.8547E+00  2.788E+08
 6@Optics[65]             6@lat::eta.a[END] <target>                     9.3226E-02   5.5529E-01  2.135E+07
 6@Optics[66]             6@lat::etap.a[END] <target>                   -3.5015E-02  -6.9587E-02  1.195E+05
 6@Optics[68]             6@lat::r.56[END] <target>                      2.8081E-01   2.8081E-01  2.303E+01
 6@Optics[69]             beta.a <max>            BEGINNING   END        7.0000E+02   1.4796E+02  0.000E+00  M19Q5
 6@Optics[70]             beta.b <max>            BEGINNING   END        7.0000E+02   5.9460E+02  0.000E+00  M19Q12
 Twiss_P19_FirstFive[1]   6@M19Q1[K1]                         33.36      6.0000E-01   7.0270E-02  0.000E+00
 Twiss_P19_FirstFive[2]   6@M19Q2[K1]                         33.96     -6.0000E-01  -3.4842E-02  0.000E+00
 Twiss_P19_FirstFive[3]   6@M19Q3[K1]                         43.86     -6.0000E-01  -3.3547E-02  0.000E+00
 Twiss_P19_FirstFive[4]   6@M19Q4[K1]                         44.86      6.0000E-01   2.4343E-03  0.000E+00
 Twiss_P19_FirstFive[5]   6@M19Q5[K1]                         45.86      6.0000E-01   5.4187E-02  0.000E+00
 Twiss_P19_MiddleFive[1]  6@M19Q6[K1]                         61.81      6.0000E-01   7.2953E-02  0.000E+00
 Twiss_P19_MiddleFive[2]  6@M19Q7[K1]                         62.81      6.0000E-01   4.6521E-03  0.000E+00
 Twiss_P19_MiddleFive[3]  6@M19Q8[K1]                         63.81     -6.0000E-01  -3.2163E-02  0.000E+00
 Twiss_P19_MiddleFive[4]  6@M19Q9[K1]                         73.75     -6.0000E-01  -5.6882E-02  0.000E+00
 Twiss_P19_MiddleFive[5]  6@M19Q10[K1]                        74.75      6.0000E-01   5.8287E-02  0.000E+00
 Twiss_P19_FinalFive[1]   6@M19Q11[K1]                        78.75      6.0000E-01   1.5780E-01  0.000E+00
 Twiss_P19_FinalFive[2]   6@M19Q12[K1]                        79.75     -6.0000E-01  -2.4876E-01  0.000E+00
 Twiss_P19_FinalFive[3]   6@M19Q13[K1]                        80.75     -6.0000E-01  -3.3502E-01  0.000E+00
 Twiss_P19_FinalFive[4]   6@M19Q14[K1]                        84.75      6.0000E-01   4.6210E-01  0.000E+00
 Twiss_P19_FinalFive[5]   6@M19Q14[K1]                        84.75      6.0000E-01   4.6210E-01  0.000E+00
 Constraints                            Ref_Ele    Start_Ele   Ele/S    Meas-or-Lim    Model       Merit      Max_Loc
 
  figure of merit: 3.427741E+08
