 
 Constraints                                 Ref_Ele    Start_Ele   Ele/S    Meas-or-Lim    Model       Merit      Max_Loc
 1@fit.stable[1]  unstable.orbit <target>                                     0.0000E+00   0.0000E+00  0.000E+00  BEGINNING
 1@fit.stable[2]  unstable.lattice <target>                                   0.0000E+00   0.0000E+00  0.000E+00
 1@fit.center[1]  7@data::fit.orbit[2]+1@data::fit.orbit[1] <target>          0.0000E+00   3.3433E-04  1.118E-07
 1@fit.center[2]  7@data::fit.orbit[2]-1@data::fit.orbit[1] <target>          0.0000E+00   3.9970E-02  1.598E-07
 1@fit.center[3]  4@data::fit.orbit[2]+2@data::fit.orbit[1] <target>          0.0000E+00  -2.8406E-04  8.069E-08
 1@fit.center[4]  4@data::fit.orbit[2]-2@data::fit.orbit[1] <target>          0.0000E+00   3.3652E-02  1.132E-07
 1@fit.center[5]  1@data::fit.orbit[2]+2@data::fit.orbit[1] <target>          0.0000E+00  -5.0530E-05  2.553E-09
 1@fit.center[6]  1@data::fit.orbit[2]-2@data::fit.orbit[1] <target>          0.0000E+00   3.3886E-02  1.148E-07
 1@fit.center[7]  4@data::fit.orbit[2]-1@data::fit.orbit[2] <target>          0.0000E+00  -2.3353E-04  5.453E-08
 2@fit.stable[1]  unstable.orbit <target>                                     0.0000E+00   0.0000E+00  0.000E+00  BEGINNING
 2@fit.stable[2]  unstable.lattice <target>                                   0.0000E+00   0.0000E+00  0.000E+00
 3@fit.stable[1]  unstable.orbit <target>                                     0.0000E+00   0.0000E+00  0.000E+00  BEGINNING
 3@fit.stable[2]  unstable.lattice <target>                                   0.0000E+00   0.0000E+00  0.000E+00
 4@fit.stable[1]  unstable.orbit <target>                                     0.0000E+00   0.0000E+00  0.000E+00  BEGINNING
 4@fit.stable[2]  unstable.lattice <target>                                   0.0000E+00   0.0000E+00  0.000E+00
 5@fit.stable[1]  unstable.orbit <target>                                     0.0000E+00   0.0000E+00  0.000E+00  BEGINNING
 5@fit.stable[2]  unstable.lattice <target>                                   0.0000E+00   0.0000E+00  0.000E+00
 6@fit.stable[1]  unstable.orbit <target>                                     0.0000E+00   0.0000E+00  0.000E+00  BEGINNING
 6@fit.stable[2]  unstable.lattice <target>                                   0.0000E+00   0.0000E+00  0.000E+00
 7@fit.stable[1]  unstable.orbit <target>                                     0.0000E+00   0.0000E+00  0.000E+00  BEGINNING
 7@fit.stable[2]  unstable.lattice <target>                                   0.0000E+00   0.0000E+00  0.000E+00
 b0[1]            [1:7]@QF[DB_FIELD]                               2.45      -1.0000E+30   6.1660E-01  0.000E+00
 b0[2]            [1:7]@QD[DB_FIELD]                               3.91      -1.0000E+30  -4.4936E+00  0.000E+00
 Constraints                                 Ref_Ele    Start_Ele   Ele/S    Meas-or-Lim    Model       Merit      Max_Loc
 
  figure of merit: 6.373783E-07
