 QF[B1_GRADIENT] = -3.28079999999999998E+001   ! Not used in optimizing
 QD[B1_GRADIENT] =  4.33930000000000007E+001   ! Not used in optimizing
 QF[DB_FIELD] = -1.91962095458382515E-013
 QD[DB_FIELD] = -1.91962332794777242E-013
 
 end_file
 
 
 ! Top 10
 
 Constraints                                 Ref_Ele    Start_Ele   Ele/S    Meas-or-Lim    Model       Merit      Max_Loc
 8@fit.stable[2]  unstable.lattice <target>                                   0.0000E+00   2.3735E-01  5.634E+02
 7@fit.stable[2]  unstable.lattice <target>                                   0.0000E+00   7.7644E-02  6.029E+01
 1@fit.center[1]  8@data::fit.orbit[2]+1@data::fit.orbit[1] <target>          0.0000E+00   1.5261E-01  2.329E-02
 1@fit.center[3]  4@data::fit.orbit[2]+2@data::fit.orbit[1] <target>          0.0000E+00   1.3076E-01  1.710E-02
 1@fit.center[5]  1@data::fit.orbit[2]+2@data::fit.orbit[1] <target>          0.0000E+00   1.1170E-01  1.248E-02
 1@fit.center[7]  4@data::fit.orbit[2]-1@data::fit.orbit[2] <target>          0.0000E+00   1.9062E-02  3.634E-04
 1@fit.center[2]  8@data::fit.orbit[2]-1@data::fit.orbit[1] <target>          0.0000E+00   8.3286E-02  6.937E-07
 1@fit.center[4]  4@data::fit.orbit[2]-2@data::fit.orbit[1] <target>          0.0000E+00   5.1550E-02  2.657E-07
 1@fit.center[6]  1@data::fit.orbit[2]-2@data::fit.orbit[1] <target>          0.0000E+00   3.2488E-02  1.055E-07
 b0[2]            [1:8]@QD[DB_FIELD]                               3.91      -1.0000E+30  -1.9196E-13  0.000E+00
 Constraints                                 Ref_Ele    Start_Ele   Ele/S    Meas-or-Lim    Model       Merit      Max_Loc
 
  figure of merit: 6.236962E+02
 
 List of non-zero contributors to the Merit Function:
 Name                                          Merit           Sigma [= sqrt(Chi^2/N)]
 fit.stable                                    6.2364E+02      1.7658E-01
 fit.center                                    5.3230E-02      9.5527E-02
