 O_P15_TOF_B1[STRENGTH15_1] =  1.69999999999999996E+000   ! Not used in optimizing
 O_P15_TOF_B2[STRENGTH15_2] = -1.69982036090268140E+000   ! Not used in optimizing
 O_P15_TOF_B3[STRENGTH15_3] =  1.55588954722759398E+000   ! Not used in optimizing
 O_P15_TOF_D1[LENGTH15_1] =  7.69035294286701898E+000   ! Not used in optimizing
 O_P15_TOF_D2[LENGTH15_2] =  2.29919855779508850E+001   ! Not used in optimizing
 O_P15_TOF_D3[LENGTH15_3] =  2.75361822360569253E+000   ! Not used in optimizing
 O_P15_TOF_D4[LENGTH15_4] =  1.99198557795088615E+000   ! Not used in optimizing
 O_P15_TOF_D5[LENGTH15_5] =  1.19049123625113840E+000   ! Not used in optimizing
 O_P15_TOF_D6[LENGTH15_6] =  1.88879855779508858E+001   ! Not used in optimizing
 
 end_file
 
 
 ! Top 10
 
 Constraints                                      Ref_Ele    Start_Ele   Ele/S    Meas-or-Lim    Model       Merit      Max_Loc
 6@ToF[17]          6@lat::floor.x[END] <target>                                   6.5299E-03   6.5299E-03  7.981E-23
 ToF_P19_Drifts[6]  6@O_P19_TOF_D6[LENGTH19_6]                                     3.0000E+00   3.2306E+00  0.000E+00
 ToF_P19_Drifts[5]  6@O_P19_TOF_D5[LENGTH19_5]                                     1.5500E+01   1.5833E+01  0.000E+00
 ToF_P19_Drifts[4]  6@O_P19_TOF_D4[LENGTH19_4]                                     1.8000E+00   1.9736E+00  0.000E+00
 ToF_P19_Drifts[3]  6@O_P19_TOF_D3[LENGTH19_3]                                     4.1000E+00   3.9647E+00  0.000E+00
 ToF_P19_Drifts[2]  6@O_P19_TOF_D2[LENGTH19_2]                                     7.9000E+00   7.9736E+00  0.000E+00
 ToF_P19_Drifts[1]  6@O_P19_TOF_D1[LENGTH19_1]                                     4.1000E+00   3.9826E+00  0.000E+00
 ToF_P19_Bends[3]   6@O_P19_TOF_B3[STRENGTH19_3]                                  -1.7000E+00  -1.6986E+00  0.000E+00
 ToF_P19_Bends[2]   6@O_P19_TOF_B2[STRENGTH19_2]                                   1.7000E+00   1.7000E+00  0.000E+00
 ToF_P19_Bends[1]   6@O_P19_TOF_B1[STRENGTH19_1]                                  -1.7000E+00  -1.6995E+00  0.000E+00
 Constraints                                      Ref_Ele    Start_Ele   Ele/S    Meas-or-Lim    Model       Merit      Max_Loc
 
  figure of merit: 7.981325E-23
 
 List of non-zero contributors to the Merit Function:
 Name                                          Merit           Sigma [= sqrt(Chi^2/N)]
 ToF.time                                      7.9813E-23      8.9338E-17
