 M15Q1[K1] =  1.74051159386590493E-001   ! Not used in optimizing
 M15Q2[K1] = -5.99999554608545482E-001   ! Not used in optimizing
 M15Q3[K1] =  1.75608467296935661E-001   ! Not used in optimizing
 M15Q4[K1] =  4.15437467965766999E-002   ! Not used in optimizing
 M15Q5[K1] = -1.11760969491069229E-001   ! Not used in optimizing
 M15Q6[K1] =  9.86670527634047612E-002   ! Not used in optimizing
 M15Q7[K1] = -2.84059481172746278E-002   ! Not used in optimizing
 M15Q8[K1] = -3.03571400418899573E-001   ! Not used in optimizing
 M15Q9[K1] =  4.76126741596668956E-001   ! Not used in optimizing
 M15Q10[K1] = -2.98734474097640423E-001   ! Not used in optimizing
 
 end_file
 
 
 ! Top 10
 
 Constraints                           Ref_Ele    Start_Ele   Ele/S    Meas-or-Lim    Model       Merit      Max_Loc
 6@Optics[52]            6@lat::beta.b[END] <target>                    1.6840E+01   1.6840E+01  1.136E-18
 6@Optics[51]            6@lat::beta.a[END] <target>                    2.4552E+00   2.4552E+00  9.664E-20
 Twiss_P19_FinalFive[5]  6@M19Q15[K1]                        87.75     -6.0000E-01  -6.7785E-02  0.000E+00
 Twiss_P19_FinalFive[4]  6@M19Q14[K1]                        86.75      6.0000E-01   5.2303E-01  0.000E+00
 Twiss_P19_FinalFive[3]  6@M19Q13[K1]                        80.75     -6.0000E-01  -1.5039E-01  0.000E+00
 Twiss_P19_FinalFive[2]  6@M19Q12[K1]                        79.75     -6.0000E-01  -1.9316E-01  0.000E+00
 Twiss_P19_FinalFive[1]  6@M19Q11[K1]                        78.75     -6.0000E-01  -2.3547E-02  0.000E+00
 6@Optics[60]            beta.b <max>            BEGINNING   END        7.0000E+02   5.2637E+02  0.000E+00  D1912#11
 6@Optics[59]            beta.a <max>            BEGINNING   END        7.0000E+02   1.4796E+02  0.000E+00  M19Q5
 6@Optics[58]            6@lat::r.56[END] <target>                      2.8081E-01   2.8081E-01  0.000E+00
 Constraints                           Ref_Ele    Start_Ele   Ele/S    Meas-or-Lim    Model       Merit      Max_Loc
 
  figure of merit: 1.232595E-18
 
 List of non-zero contributors to the Merit Function:
 Name                                          Merit           Sigma [= sqrt(Chi^2/N)]
 Optics.Twiss                                  1.2326E-18      7.8505E-15
