 M15Q1[K1] =  1.74051099272536730E-001   ! Not used in optimizing
 M15Q2[K1] = -5.99999999999999978E-001   ! Not used in optimizing
 M15Q3[K1] =  1.75608490951508545E-001   ! Not used in optimizing
 M15Q4[K1] =  4.15437055491075652E-002   ! Not used in optimizing
 M15Q5[K1] = -1.11760985687141809E-001   ! Not used in optimizing
 M15Q6[K1] =  9.86670241512156571E-002   ! Not used in optimizing
 M15Q7[K1] = -2.84059576270177458E-002   ! Not used in optimizing
 M15Q8[K1] = -3.03571358997170304E-001   ! Not used in optimizing
 M15Q9[K1] =  4.76126762768350809E-001   ! Not used in optimizing
 M15Q10[K1] = -2.98734467584435170E-001   ! Not used in optimizing
 
 end_file
 
 
 ! Top 10
 
 Constraints                          Ref_Ele    Start_Ele   Ele/S    Meas-or-Lim    Model       Merit      Max_Loc
 1@Optics[8]              1@lat::r.56[END] <target>                   -7.0886E-02  -7.0886E-02  6.933E-10
 1@Optics[2]              1@lat::beta.b[END] <target>                  6.5151E+00   6.5151E+00  7.119E-17
 1@Optics[1]              1@lat::beta.a[END] <target>                  4.1573E+00   4.1573E+00  3.818E-18
 Twiss_P9_FirstFive[1]    1@M9Q1[K1]                        20.66     -6.0000E-01  -5.3227E-01  0.000E+00
 Twiss_P9_FirstFive[2]    1@M9Q2[K1]                        24.16      6.0000E-01   5.9347E-01  0.000E+00
 Twiss_P9_FirstFive[3]    1@M9Q3[K1]                        27.66     -6.0000E-01  -6.1937E-02  0.000E+00
 Twiss_P9_FirstFive[4]    1@M9Q4[K1]                        31.16     -6.0000E-01  -3.7219E-01  0.000E+00
 Twiss_P9_FirstFive[5]    1@M9Q5[K1]                        32.16     -6.0000E-01  -2.3164E-01  0.000E+00
 Twiss_P9_MiddleSeven[1]  1@M9Q6[K1]                        40.36     -6.0000E-01  -4.5949E-01  0.000E+00
 Twiss_P9_MiddleSeven[2]  1@M9Q7[K1]                        41.36      6.0000E-01   1.0462E-01  0.000E+00
 Constraints                          Ref_Ele    Start_Ele   Ele/S    Meas-or-Lim    Model       Merit      Max_Loc
 
  figure of merit: 6.933349E-10
 
 List of non-zero contributors to the Merit Function:
 Name                                          Merit           Sigma [= sqrt(Chi^2/N)]
 Optics.Twiss                                  6.9333E-10      5.0004E-14
