 M19Q1[K1] =  7.02698317734126721E-002   ! Not used in optimizing
 M19Q2[K1] = -3.48423242241561321E-002   ! Not used in optimizing
 M19Q3[K1] = -3.35471872779964167E-002   ! Not used in optimizing
 M19Q4[K1] =  2.43430596704639684E-003   ! Not used in optimizing
 M19Q5[K1] =  5.41872272729757506E-002   ! Not used in optimizing
 M19Q6[K1] =  7.29525051485538784E-002   ! Not used in optimizing
 M19Q7[K1] =  4.65209765712373390E-003   ! Not used in optimizing
 M19Q8[K1] = -3.21634974051174943E-002   ! Not used in optimizing
 M19Q9[K1] = -5.68815954748618166E-002   ! Not used in optimizing
 M19Q10[K1] =  5.82869824109405535E-002   ! Not used in optimizing
 M19Q11[K1] =  1.57801553658456994E-001   ! Not used in optimizing
 M19Q12[K1] = -2.48764041190857654E-001   ! Not used in optimizing
 M19Q13[K1] = -3.35016272328637288E-001   ! Not used in optimizing
 M19Q14[K1] =  4.62095137553262147E-001   ! Not used in optimizing
 M19Q15[K1] =  0.00000000000000000E+000   ! Not used in optimizing
 
 end_file
 
 
 ! Top 10
 
 Constraints                           Ref_Ele    Start_Ele   Ele/S    Meas-or-Lim    Model       Merit      Max_Loc
 2@Optics[18]             2@lat::r.56[END] <target>                     4.4694E-02   4.4694E-02  4.815E-18
 2@Optics[11]             2@lat::beta.a[END] <target>                   2.9506E+00   2.9506E+00  3.000E-18
 2@Optics[12]             2@lat::beta.b[END] <target>                   6.4768E+00   6.4768E+00  3.865E-19
 Twiss_P11_FirstFour[1]   2@M11Q1[K1]                        32.11     -6.0000E-01  -7.8965E-02  0.000E+00
 Twiss_P11_FirstFour[2]   2@M11Q2[K1]                        36.36     -6.0000E-01  -2.0959E-01  0.000E+00
 Twiss_P11_FirstFour[3]   2@M11Q3[K1]                        37.36      6.0000E-01   2.6688E-01  0.000E+00
 Twiss_P11_FirstFour[4]   2@M11Q4[K1]                        42.86      6.0000E-01   3.1976E-01  0.000E+00
 Twiss_P11_MiddleFour[1]  2@M11Q5[K1]                        48.50     -6.0000E-01  -6.0000E-01  0.000E+00
 Twiss_P11_MiddleFour[2]  2@M11Q6[K1]                        57.86     -6.0000E-01  -7.3941E-02  0.000E+00
 Twiss_P11_MiddleFour[4]  2@M11Q8[K1]                        63.28     -6.0000E-01  -7.7306E-02  0.000E+00
 Constraints                           Ref_Ele    Start_Ele   Ele/S    Meas-or-Lim    Model       Merit      Max_Loc
 
  figure of merit: 8.201010E-18
 
 List of non-zero contributors to the Merit Function:
 Name                                          Merit           Sigma [= sqrt(Chi^2/N)]
 Optics.Twiss                                  8.2010E-18      1.0624E-14
