 M19Q1[K1] =  7.02698317734126721E-002   ! Not used in optimizing
 M19Q2[K1] = -3.48423242241561321E-002   ! Not used in optimizing
 M19Q3[K1] = -3.35471872779964167E-002   ! Not used in optimizing
 M19Q4[K1] =  2.43430596704639684E-003   ! Not used in optimizing
 M19Q5[K1] =  5.41872272729757506E-002   ! Not used in optimizing
 M19Q6[K1] =  7.29525051485538784E-002   ! Not used in optimizing
 M19Q7[K1] =  4.65209765712373390E-003   ! Not used in optimizing
 M19Q8[K1] = -3.21634974051174943E-002   ! Not used in optimizing
 M19Q9[K1] = -5.68815954748618166E-002   ! Not used in optimizing
 M19Q10[K1] =  5.82869824109405535E-002   ! Not used in optimizing
 M19Q11[K1] =  1.57801553658456994E-001   ! Not used in optimizing
 M19Q12[K1] = -2.48764041190857654E-001   ! Not used in optimizing
 M19Q13[K1] = -3.35016272328637288E-001   ! Not used in optimizing
 M19Q14[K1] =  4.62095137553262147E-001   ! Not used in optimizing
 M19Q15[K1] =  0.00000000000000000E+000   ! Not used in optimizing
 
 end_file
 
 
 ! Top 10
 
 Constraints                            Ref_Ele    Start_Ele   Ele/S    Meas-or-Lim    Model       Merit      Max_Loc
 3@Optics[21]             3@lat::beta.a[END] <target>                    2.7180E+00   2.7180E+00  5.240E-17
 3@Optics[28]             3@lat::r.56[END] <target>                      1.2809E-01   1.2809E-01  3.081E-18
 3@Optics[22]             3@lat::beta.b[END] <target>                    6.9948E+00   6.9948E+00  1.775E-18
 Twiss_P13_FinalFour[4]   3@M13Q12[K1]                        74.46     -6.0000E-01  -5.9999E-01  0.000E+00
 Twiss_P13_FinalFour[3]   3@M13Q11[K1]                        73.46      6.0000E-01   5.8286E-01  0.000E+00
 Twiss_P13_FinalFour[2]   3@M13Q10[K1]                        72.46      6.0000E-01   4.4938E-01  0.000E+00
 Twiss_P13_FinalFour[1]   3@M13Q9[K1]                         67.28     -6.0000E-01  -5.4791E-01  0.000E+00
 Twiss_P13_MiddleFour[4]  3@M13Q8[K1]                         61.66      6.0000E-01   6.0000E-01  0.000E+00
 Twiss_P13_MiddleFour[3]  3@M13Q7[K1]                         60.66      6.0000E-01   3.3263E-01  0.000E+00
 Twiss_P13_MiddleFour[2]  3@M13Q6[K1]                         59.66      6.0000E-01   2.6388E-01  0.000E+00
 Constraints                            Ref_Ele    Start_Ele   Ele/S    Meas-or-Lim    Model       Merit      Max_Loc
 
  figure of merit: 5.725454E-17
 
 List of non-zero contributors to the Merit Function:
 Name                                          Merit           Sigma [= sqrt(Chi^2/N)]
 Optics.Twiss                                  5.7255E-17      4.2494E-14
