 M9Q1[K1] =  4.26063241150953897E-001
 M9Q2[K1] = -4.24690735844600542E-001
 M9Q3[K1] = -2.71116082915047185E-001
 M9Q4[K1] = -2.83330951797357844E-001
 M9Q5[K1] =  5.99999999999999978E-001
 M9Q6[K1] =  5.99999999999999978E-001
 M9Q7[K1] = -1.67762990304407722E-001
 M9Q8[K1] = -3.10518848153514715E-001
 M9Q9[K1] =  5.99999999999999978E-001
 M9Q10[K1] = -4.44176318052871888E-001
 M9Q11[K1] =  2.10907631276995411E-001
 M9Q12[K1] = -2.09030688408747306E-001
 M9Q13[K1] = -1.46706300049308819E-001
 M9Q14[K1] =  1.52214784270416847E-001
 M9Q15[K1] =  1.77194101497169160E-001
 M9Q16[K1] = -1.82321029240129689E-001
 M9Q17[K1] = -5.02365761336705408E-001
 M9Q18[K1] =  4.77216549931083964E-002
 M9Q19[K1] =  1.84018812098953599E-001
 M9Q20[K1] =  3.96178363290155933E-001
 
 end_file
 
 
 ! Top 10
 
 Constraints                          Ref_Ele    Start_Ele   Ele/S    Meas-or-Lim    Model       Merit      Max_Loc
 1@Optics[2]            1@lat::beta.b[END] <target>                    6.5151E+00   6.5151E+00  6.390E-19
 1@Optics[1]            1@lat::beta.a[END] <target>                    4.1573E+00   4.1573E+00  3.155E-20
 1@Optics[5]            1@lat::eta.a[END] <target>                     2.7207E-02   2.7207E-02  6.094E-23
 1@Optics[4]            1@lat::alpha.b[END] <target>                  -3.1896E+00  -3.1896E+00  4.930E-24
 1@Optics[6]            1@lat::etap.a[END] <target>                   -1.9785E-02  -1.9785E-02  2.438E-24
 1@Optics[3]            1@lat::alpha.a[END] <target>                   3.0489E+00   3.0489E+00  1.972E-25
 1@Optics[9]            beta.a <max>            BEGINNING   END        7.0000E+02   4.6391E+02  0.000E+00  D910#11
 1@Optics[10]           beta.b <max>            BEGINNING   END        7.0000E+02   7.0000E+02  0.000E+00  M9Q16
 Twiss_P9_FirstFive[1]  1@M9Q1[K1]                          20.66      6.0000E-01   4.2606E-01  0.000E+00
 Twiss_P9_FirstFive[2]  1@M9Q2[K1]                          24.16     -6.0000E-01  -4.2469E-01  0.000E+00
 Constraints                          Ref_Ele    Start_Ele   Ele/S    Meas-or-Lim    Model       Merit      Max_Loc
 
  figure of merit: 6.706003E-19
 
 List of non-zero contributors to the Merit Function:
 Name                                          Merit           Sigma [= sqrt(Chi^2/N)]
 Optics.Twiss                                  6.7060E-19      3.4836E-15
