 M11Q1[K1] = -7.89647341902997568E-002   ! Not used in optimizing
 M11Q2[K1] = -2.09589941146538089E-001   ! Not used in optimizing
 M11Q3[K1] =  2.66880563262820891E-001   ! Not used in optimizing
 M11Q4[K1] =  3.19764324670205435E-001   ! Not used in optimizing
 M11Q5[K1] = -5.99999997303563126E-001   ! Not used in optimizing
 M11Q6[K1] = -7.39412843487627230E-002   ! Not used in optimizing
 M11Q7[K1] = -6.64850585155358498E-002   ! Not used in optimizing
 M11Q8[K1] = -7.73061056254473328E-002   ! Not used in optimizing
 M11Q9[K1] = -9.24192646157256936E-003   ! Not used in optimizing
 M11Q10[K1] = -1.67506157370541864E-001   ! Not used in optimizing
 M11Q11[K1] = -2.09389195699245412E-001   ! Not used in optimizing
 M11Q12[K1] = -9.69605169843209408E-002   ! Not used in optimizing
 M11Q13[K1] =  8.29956823044801506E-002   ! Not used in optimizing
 M11Q14[K1] =  4.15460259690522138E-001   ! Not used in optimizing
 
 end_file
 
 
 ! Top 10
 
 Constraints                          Ref_Ele    Start_Ele   Ele/S    Meas-or-Lim    Model       Merit      Max_Loc
 1@Optics[9]            beta.a <max>            BEGINNING   END        7.0000E+02   1.1342E+03  1.885E+02  M9Q16
 1@Optics[10]           beta.b <max>            BEGINNING   END        7.0000E+02   1.0804E+03  1.447E+02  M9Q14
 1@Optics[3]            1@lat::alpha.a[END] <target>                   3.0489E+00   3.0489E+00  7.836E-05
 1@Optics[4]            1@lat::alpha.b[END] <target>                  -3.1896E+00  -3.1896E+00  5.412E-05
 1@Optics[1]            1@lat::beta.a[END] <target>                    4.1573E+00   4.1573E+00  9.373E-07
 1@Optics[2]            1@lat::beta.b[END] <target>                    6.5151E+00   6.5151E+00  2.916E-07
 1@Optics[5]            1@lat::eta.a[END] <target>                     2.7200E-02   2.7200E-02  1.884E-10
 1@Optics[6]            1@lat::etap.a[END] <target>                   -1.9800E-02  -1.9800E-02  9.288E-12
 Twiss_P9_FirstFive[1]  1@M9Q1[K1]                          20.66     -6.0000E-01  -6.0000E-01  0.000E+00
 Twiss_P9_FirstFive[2]  1@M9Q2[K1]                          24.16      6.0000E-01   5.4052E-01  0.000E+00
 Constraints                          Ref_Ele    Start_Ele   Ele/S    Meas-or-Lim    Model       Merit      Max_Loc
 
  figure of merit: 3.331979E+02
 
 List of non-zero contributors to the Merit Function:
 Name                                          Merit           Sigma [= sqrt(Chi^2/N)]
 Optics.Twiss                                  3.3320E+02      2.0408E+02
