 M11Q1[K1] = -7.89647341902997568E-002   ! Not used in optimizing
 M11Q2[K1] = -2.09589941146538089E-001   ! Not used in optimizing
 M11Q3[K1] =  2.66880563262820891E-001   ! Not used in optimizing
 M11Q4[K1] =  3.19764324670205435E-001   ! Not used in optimizing
 M11Q5[K1] = -5.99999997303563126E-001   ! Not used in optimizing
 M11Q6[K1] = -7.39412843487627230E-002   ! Not used in optimizing
 M11Q7[K1] = -6.64850585155358498E-002   ! Not used in optimizing
 M11Q8[K1] = -7.73061056254473328E-002   ! Not used in optimizing
 M11Q9[K1] = -9.24192646157256936E-003   ! Not used in optimizing
 M11Q10[K1] = -1.67506157370541864E-001   ! Not used in optimizing
 M11Q11[K1] = -2.09389195699245412E-001   ! Not used in optimizing
 M11Q12[K1] = -9.69605169843209408E-002   ! Not used in optimizing
 M11Q13[K1] =  8.29956823044801506E-002   ! Not used in optimizing
 M11Q14[K1] =  4.15460259690522138E-001   ! Not used in optimizing
 
 end_file
 
 
 ! Top 10
 
 Constraints                            Ref_Ele    Start_Ele   Ele/S    Meas-or-Lim    Model       Merit      Max_Loc
 3@Optics[21]             3@lat::beta.a[END] <target>                    2.7180E+00   2.7180E+00  5.240E-17
 3@Optics[28]             3@lat::r.56[END] <target>                      1.2809E-01   1.2809E-01  3.081E-18
 3@Optics[22]             3@lat::beta.b[END] <target>                    6.9948E+00   6.9948E+00  1.775E-18
 Twiss_P13_FinalFour[4]   3@M13Q12[K1]                        74.46     -6.0000E-01  -5.9999E-01  0.000E+00
 Twiss_P13_FinalFour[3]   3@M13Q11[K1]                        73.46      6.0000E-01   5.8286E-01  0.000E+00
 Twiss_P13_FinalFour[2]   3@M13Q10[K1]                        72.46      6.0000E-01   4.4938E-01  0.000E+00
 Twiss_P13_FinalFour[1]   3@M13Q9[K1]                         67.28     -6.0000E-01  -5.4791E-01  0.000E+00
 Twiss_P13_MiddleFour[4]  3@M13Q8[K1]                         61.66      6.0000E-01   6.0000E-01  0.000E+00
 Twiss_P13_MiddleFour[3]  3@M13Q7[K1]                         60.66      6.0000E-01   3.3263E-01  0.000E+00
 Twiss_P13_MiddleFour[2]  3@M13Q6[K1]                         59.66      6.0000E-01   2.6388E-01  0.000E+00
 Constraints                            Ref_Ele    Start_Ele   Ele/S    Meas-or-Lim    Model       Merit      Max_Loc
 
  figure of merit: 5.725454E-17
 
 List of non-zero contributors to the Merit Function:
 Name                                          Merit           Sigma [= sqrt(Chi^2/N)]
 Optics.Twiss                                  5.7255E-17      4.2494E-14
