 M11Q1[K1] = -7.89647339038875989E-002   ! Not used in optimizing
 M11Q2[K1] = -2.09589940856863916E-001   ! Not used in optimizing
 M11Q3[K1] =  2.66880563551447625E-001   ! Not used in optimizing
 M11Q4[K1] =  3.19764324954288193E-001   ! Not used in optimizing
 M11Q5[K1] = -5.99999999999999978E-001   ! Not used in optimizing
 M11Q6[K1] = -7.39412817527112104E-002   ! Not used in optimizing
 M11Q7[K1] = -6.64850565902643242E-002   ! Not used in optimizing
 M11Q8[K1] = -7.73061057066998653E-002   ! Not used in optimizing
 M11Q9[K1] = -9.24192789860310560E-003   ! Not used in optimizing
 M11Q10[K1] = -1.67506160077747407E-001   ! Not used in optimizing
 M11Q11[K1] = -2.09389196371813746E-001   ! Not used in optimizing
 M11Q12[K1] = -9.69605155913682293E-002   ! Not used in optimizing
 M11Q13[K1] =  8.29956877610150412E-002   ! Not used in optimizing
 M11Q14[K1] =  4.15460265199220025E-001   ! Not used in optimizing
 
 end_file
 
 
 ! Top 10
 
 Constraints                          Ref_Ele    Start_Ele   Ele/S    Meas-or-Lim    Model       Merit      Max_Loc
 5@Optics[56]           5@lat::etap.a[END] <target>                   -3.4901E-02   5.0860E-02  7.355E+05
 5@Optics[53]           5@lat::alpha.a[END] <target>                   1.3111E+00   8.9904E-01  1.698E+05
 5@Optics[54]           5@lat::alpha.b[END] <target>                  -4.5492E+00  -4.2207E+00  1.080E+05
 5@Optics[55]           5@lat::eta.a[END] <target>                     8.4147E-02   1.0620E-01  4.863E+04
 5@Optics[59]           beta.a <max>            BEGINNING   END        7.0000E+02   7.0030E+02  8.963E+02  M17Q4
 5@Optics[51]           5@lat::beta.a[END] <target>                    2.5213E+00   2.5213E+00  3.174E-02
 5@Optics[58]           5@lat::r.56[END] <target>                      2.4233E-01   2.4233E-01  1.241E-02
 5@Optics[52]           5@lat::beta.b[END] <target>                    1.0132E+01   1.0132E+01  6.754E-04
 5@Optics[60]           beta.b <max>            BEGINNING   END        7.0000E+02   4.8923E+02  0.000E+00  M17Q9
 Twiss_P17_FirstSix[1]  5@M17Q1[K1]                         36.56     -6.0000E-01  -1.8129E-01  0.000E+00
 Constraints                          Ref_Ele    Start_Ele   Ele/S    Meas-or-Lim    Model       Merit      Max_Loc
 
  figure of merit: 1.062762E+06
 
 List of non-zero contributors to the Merit Function:
 Name                                          Merit           Sigma [= sqrt(Chi^2/N)]
 Optics.Twiss                                  1.0628E+06      2.1657E-01
