 M17Q1[K1] = -1.81290965698786471E-001   ! Not used in optimizing
 M17Q2[K1] = -5.99999999999999978E-001   ! Not used in optimizing
 M17Q3[K1] =  4.43469256813844304E-001   ! Not used in optimizing
 M17Q4[K1] =  1.26628515925530150E-001   ! Not used in optimizing
 M17Q5[K1] =  4.83999572699741962E-002   ! Not used in optimizing
 M17Q6[K1] = -6.89681252636107772E-002   ! Not used in optimizing
 M17Q7[K1] =  1.43446966296396416E-001   ! Not used in optimizing
 M17Q8[K1] = -3.55252657597156227E-007   ! Not used in optimizing
 M17Q9[K1] = -2.73039782701635869E-001   ! Not used in optimizing
 M17Q10[K1] = -2.58334744443379461E-003   ! Not used in optimizing
 M17Q11[K1] = -1.66245438989220229E-001   ! Not used in optimizing
 M17Q12[K1] =  4.17248686793618651E-001   ! Not used in optimizing
 M17Q13[K1] =  3.81723946246195989E-001   ! Not used in optimizing
 M17Q14[K1] = -5.99999999999999978E-001   ! Not used in optimizing
 
 end_file
 
 
 ! Top 10
 
 Constraints                            Ref_Ele    Start_Ele   Ele/S    Meas-or-Lim    Model       Merit      Max_Loc
 4@Optics[42]             4@lat::beta.b[END] <target>                    8.0350E+00   8.0350E+00  9.119E-18
 4@Optics[48]             4@lat::r.56[END] <target>                      1.9190E-01   1.9190E-01  3.081E-18
 4@Optics[41]             4@lat::beta.a[END] <target>                    2.6023E+00   2.6023E+00  1.972E-19
 Twiss_P15_FinalThree[3]  4@M15Q10[K1]                        76.62     -6.0000E-01  -2.9873E-01  0.000E+00
 Twiss_P15_FinalThree[2]  4@M15Q9[K1]                         72.70      6.0000E-01   4.7613E-01  0.000E+00
 Twiss_P15_FinalThree[1]  4@M15Q8[K1]                         68.11     -6.0000E-01  -3.0357E-01  0.000E+00
 Twiss_P15_MiddleFour[4]  4@M15Q7[K1]                         63.04     -6.0000E-01  -2.8406E-02  0.000E+00
 Twiss_P15_MiddleFour[3]  4@M15Q6[K1]                         62.04      6.0000E-01   9.8667E-02  0.000E+00
 Twiss_P15_MiddleFour[2]  4@M15Q5[K1]                         54.05     -6.0000E-01  -1.1176E-01  0.000E+00
 Twiss_P15_MiddleFour[1]  4@M15Q4[K1]                         48.36      6.0000E-01   4.1544E-02  0.000E+00
 Constraints                            Ref_Ele    Start_Ele   Ele/S    Meas-or-Lim    Model       Merit      Max_Loc
 
  figure of merit: 1.239794E-17
 
 List of non-zero contributors to the Merit Function:
 Name                                          Merit           Sigma [= sqrt(Chi^2/N)]
 Optics.Twiss                                  1.2398E-17      1.7622E-14
